coaching\tests\unit\core\test_constants.py:22: error: Non-overlapping equality check (left operand type: "Literal[CoachingTopic.CORE_VALUES]", right operand type: "Literal['core_values']")  [comparison-overlap]
coaching\tests\unit\core\test_constants.py:55: error: Non-overlapping equality check (left operand type: "Literal[ConversationStatus.ACTIVE]", right operand type: "Literal['active']")  [comparison-overlap]
coaching\tests\unit\core\test_constants.py:79: error: Non-overlapping equality check (left operand type: "Literal[MessageRole.USER]", right operand type: "Literal['user']")  [comparison-overlap]
coaching\tests\unit\core\test_constants.py:102: error: Non-overlapping equality check (left operand type: "Literal[AnalysisType.ALIGNMENT]", right operand type: "Literal['alignment']")  [comparison-overlap]
coaching\tests\unit\test_model_pricing.py:17: error: Function is missing a return type annotation  [no-untyped-def]
coaching\tests\unit\test_model_pricing.py:17: note: Use "-> None" if function does not return a value
coaching\tests\unit\test_model_pricing.py:31: error: Function is missing a return type annotation  [no-untyped-def]
coaching\tests\unit\test_model_pricing.py:31: note: Use "-> None" if function does not return a value
coaching\tests\unit\test_model_pricing.py:43: error: Function is missing a return type annotation  [no-untyped-def]
coaching\tests\unit\test_model_pricing.py:43: note: Use "-> None" if function does not return a value
coaching\tests\unit\test_model_pricing.py:60: error: Function is missing a return type annotation  [no-untyped-def]
coaching\tests\unit\test_model_pricing.py:60: note: Use "-> None" if function does not return a value
coaching\tests\unit\test_model_pricing.py:76: error: Function is missing a return type annotation  [no-untyped-def]
coaching\tests\unit\test_model_pricing.py:76: note: Use "-> None" if function does not return a value
coaching\tests\unit\test_model_pricing.py:92: error: Function is missing a return type annotation  [no-untyped-def]
coaching\tests\unit\test_model_pricing.py:92: note: Use "-> None" if function does not return a value
coaching\tests\unit\test_model_pricing.py:108: error: Function is missing a return type annotation  [no-untyped-def]
coaching\tests\unit\test_model_pricing.py:108: note: Use "-> None" if function does not return a value
coaching\tests\unit\test_model_pricing.py:121: error: Function is missing a return type annotation  [no-untyped-def]
coaching\tests\unit\test_model_pricing.py:121: note: Use "-> None" if function does not return a value
coaching\tests\unit\test_model_pricing.py:134: error: Function is missing a return type annotation  [no-untyped-def]
coaching\tests\unit\test_model_pricing.py:134: note: Use "-> None" if function does not return a value
coaching\tests\unit\test_model_pricing.py:154: error: Function is missing a return type annotation  [no-untyped-def]
coaching\tests\unit\test_model_pricing.py:154: note: Use "-> None" if function does not return a value
coaching\tests\unit\test_model_pricing.py:163: error: Function is missing a return type annotation  [no-untyped-def]
coaching\tests\unit\test_model_pricing.py:163: note: Use "-> None" if function does not return a value
coaching\tests\unit\test_model_pricing.py:173: error: Function is missing a return type annotation  [no-untyped-def]
coaching\tests\unit\test_model_pricing.py:173: note: Use "-> None" if function does not return a value
coaching\tests\unit\test_model_pricing.py:186: error: Function is missing a return type annotation  [no-untyped-def]
coaching\tests\unit\test_model_pricing.py:186: note: Use "-> None" if function does not return a value
coaching\tests\unit\test_model_pricing.py:201: error: Function is missing a return type annotation  [no-untyped-def]
coaching\tests\unit\test_model_pricing.py:201: note: Use "-> None" if function does not return a value
coaching\tests\unit\test_model_pricing.py:218: error: Function is missing a return type annotation  [no-untyped-def]
coaching\tests\unit\test_model_pricing.py:218: note: Use "-> None" if function does not return a value
coaching\tests\unit\test_model_pricing.py:234: error: Function is missing a return type annotation  [no-untyped-def]
coaching\tests\unit\test_model_pricing.py:234: note: Use "-> None" if function does not return a value
coaching\tests\unit\test_model_pricing.py:251: error: Function is missing a return type annotation  [no-untyped-def]
coaching\tests\unit\test_model_pricing.py:251: note: Use "-> None" if function does not return a value
coaching\tests\unit\test_exceptions.py:15: error: Function is missing a return type annotation  [no-untyped-def]
coaching\tests\unit\test_exceptions.py:15: note: Use "-> None" if function does not return a value
coaching\tests\unit\test_exceptions.py:27: error: Function is missing a return type annotation  [no-untyped-def]
coaching\tests\unit\test_exceptions.py:27: note: Use "-> None" if function does not return a value
coaching\tests\unit\test_exceptions.py:38: error: Function is missing a return type annotation  [no-untyped-def]
coaching\tests\unit\test_exceptions.py:38: note: Use "-> None" if function does not return a value
coaching\tests\unit\test_exceptions.py:51: error: Function is missing a return type annotation  [no-untyped-def]
coaching\tests\unit\test_exceptions.py:51: note: Use "-> None" if function does not return a value
coaching\tests\unit\test_exceptions.py:62: error: Function is missing a return type annotation  [no-untyped-def]
coaching\tests\unit\test_exceptions.py:62: note: Use "-> None" if function does not return a value
coaching\tests\unit\test_exceptions.py:76: error: Function is missing a return type annotation  [no-untyped-def]
coaching\tests\unit\test_exceptions.py:76: note: Use "-> None" if function does not return a value
coaching\tests\unit\test_exceptions.py:88: error: Function is missing a return type annotation  [no-untyped-def]
coaching\tests\unit\test_exceptions.py:88: note: Use "-> None" if function does not return a value
coaching\tests\unit\test_exceptions.py:102: error: Function is missing a return type annotation  [no-untyped-def]
coaching\tests\unit\test_exceptions.py:102: note: Use "-> None" if function does not return a value
coaching\tests\unit\test_exceptions.py:109: error: Function is missing a return type annotation  [no-untyped-def]
coaching\tests\unit\test_exceptions.py:109: note: Use "-> None" if function does not return a value
coaching\tests\unit\test_constants.py:17: error: Function is missing a return type annotation  [no-untyped-def]
coaching\tests\unit\test_constants.py:17: note: Use "-> None" if function does not return a value
coaching\tests\unit\test_constants.py:20: error: Non-overlapping equality check (left operand type: "Literal[CoachingTopic.CORE_VALUES]", right operand type: "Literal['core_values']")  [comparison-overlap]
coaching\tests\unit\test_constants.py:25: error: Function is missing a return type annotation  [no-untyped-def]
coaching\tests\unit\test_constants.py:25: note: Use "-> None" if function does not return a value
coaching\tests\unit\test_constants.py:31: error: Function is missing a return type annotation  [no-untyped-def]
coaching\tests\unit\test_constants.py:31: note: Use "-> None" if function does not return a value
coaching\tests\unit\test_constants.py:41: error: Function is missing a return type annotation  [no-untyped-def]
coaching\tests\unit\test_constants.py:41: note: Use "-> None" if function does not return a value
coaching\tests\unit\test_constants.py:44: error: Non-overlapping equality check (left operand type: "Literal[ConversationStatus.ACTIVE]", right operand type: "Literal['active']")  [comparison-overlap]
coaching\tests\unit\test_constants.py:49: error: Function is missing a return type annotation  [no-untyped-def]
coaching\tests\unit\test_constants.py:49: note: Use "-> None" if function does not return a value
coaching\tests\unit\test_constants.py:55: error: Function is missing a return type annotation  [no-untyped-def]
coaching\tests\unit\test_constants.py:55: note: Use "-> None" if function does not return a value
coaching\tests\unit\test_constants.py:65: error: Function is missing a return type annotation  [no-untyped-def]
coaching\tests\unit\test_constants.py:65: note: Use "-> None" if function does not return a value
coaching\tests\unit\test_constants.py:68: error: Non-overlapping equality check (left operand type: "Literal[MessageRole.USER]", right operand type: "Literal['user']")  [comparison-overlap]
coaching\tests\unit\test_constants.py:72: error: Function is missing a return type annotation  [no-untyped-def]
coaching\tests\unit\test_constants.py:72: note: Use "-> None" if function does not return a value
coaching\tests\unit\test_constants.py:83: error: Function is missing a return type annotation  [no-untyped-def]
coaching\tests\unit\test_constants.py:83: note: Use "-> None" if function does not return a value
coaching\tests\unit\test_constants.py:86: error: Non-overlapping equality check (left operand type: "Literal[AnalysisType.ALIGNMENT]", right operand type: "Literal['alignment']")  [comparison-overlap]
coaching\tests\unit\test_constants.py:94: error: Function is missing a return type annotation  [no-untyped-def]
coaching\tests\unit\test_constants.py:94: note: Use "-> None" if function does not return a value
coaching\tests\unit\test_constants.py:104: error: Function is missing a return type annotation  [no-untyped-def]
coaching\tests\unit\test_constants.py:104: note: Use "-> None" if function does not return a value
coaching\tests\unit\test_constants.py:112: error: Function is missing a return type annotation  [no-untyped-def]
coaching\tests\unit\test_constants.py:112: note: Use "-> None" if function does not return a value
coaching\tests\unit\test_constants.py:119: error: Function is missing a return type annotation  [no-untyped-def]
coaching\tests\unit\test_constants.py:119: note: Use "-> None" if function does not return a value
coaching\tests\unit\test_constants.py:125: error: Function is missing a return type annotation  [no-untyped-def]
coaching\tests\unit\test_constants.py:125: note: Use "-> None" if function does not return a value
coaching\tests\unit\test_constants.py:135: error: Function is missing a return type annotation  [no-untyped-def]
coaching\tests\unit\test_constants.py:135: note: Use "-> None" if function does not return a value
coaching\tests\unit\infrastructure\cache\test_in_memory_cache.py:13: error: Function is missing a return type annotation  [no-untyped-def]
coaching\tests\unit\infrastructure\cache\test_in_memory_cache.py:17: error: Function is missing a type annotation  [no-untyped-def]
coaching\tests\unit\infrastructure\cache\test_in_memory_cache.py:24: error: Function is missing a type annotation  [no-untyped-def]
coaching\tests\unit\infrastructure\cache\test_in_memory_cache.py:30: error: Function is missing a type annotation  [no-untyped-def]
coaching\tests\unit\infrastructure\cache\test_in_memory_cache.py:45: error: Function is missing a type annotation  [no-untyped-def]
coaching\tests\unit\infrastructure\cache\test_in_memory_cache.py:52: error: Function is missing a type annotation  [no-untyped-def]
coaching\tests\unit\infrastructure\cache\test_in_memory_cache.py:63: error: Function is missing a type annotation  [no-untyped-def]
coaching\tests\unit\core\test_interaction_codes.py:10: error: Function is missing a return type annotation  [no-untyped-def]
coaching\tests\unit\core\test_interaction_codes.py:10: note: Use "-> None" if function does not return a value
coaching\tests\unit\core\test_interaction_codes.py:23: error: Function is missing a return type annotation  [no-untyped-def]
coaching\tests\unit\core\test_interaction_codes.py:23: note: Use "-> None" if function does not return a value
coaching\tests\unit\core\test_deprecation.py:10: error: Function is missing a return type annotation  [no-untyped-def]
coaching\tests\unit\core\test_deprecation.py:14: error: Function is missing a return type annotation  [no-untyped-def]
coaching\tests\unit\core\test_deprecation.py:20: error: Call to untyped function "old_func" in typed context  [no-untyped-call]
coaching\tests\unit\core\test_deprecation.py:23: error: Function is missing a return type annotation  [no-untyped-def]
coaching\tests\unit\core\test_deprecation.py:23: note: Use "-> None" if function does not return a value
coaching\tests\unit\core\test_deprecation.py:28: error: Function is missing a return type annotation  [no-untyped-def]
coaching\tests\unit\core\test_deprecation.py:28: note: Use "-> None" if function does not return a value
coaching\tests\unit\core\test_deprecation.py:34: error: Call to untyped function "OldClass" in typed context  [no-untyped-call]
coaching\tests\unit\core\test_deprecation.py:37: error: Function is missing a return type annotation  [no-untyped-def]
coaching\tests\unit\core\test_deprecation.py:42: error: Function is missing a return type annotation  [no-untyped-def]
coaching\tests\unit\core\test_deprecation.py:49: error: Call to untyped function "old_method" of "MyClass" in typed context  [no-untyped-call]
coaching\tests\unit\core\test_deprecation.py:52: error: Function is missing a return type annotation  [no-untyped-def]
coaching\tests\unit\core\test_deprecation.py:52: note: Use "-> None" if function does not return a value
coaching\tests\unit\core\test_deprecation.py:56: error: Function is missing a return type annotation  [no-untyped-def]
coaching\tests\unit\core\test_deprecation.py:56: note: Use "-> None" if function does not return a value
coaching\tests\unit\core\test_deprecation.py:60: error: Call to untyped function "func" in typed context  [no-untyped-call]
coaching\tests\e2e\test_operations_ai_e2e.py:289: error: Need type annotation for "invalid_payload"  [var-annotated]
coaching\tests\unit\test_business_api_client.py:14: error: Function is missing a return type annotation  [no-untyped-def]
coaching\tests\unit\test_business_api_client.py:14: note: Use "-> None" if function does not return a value
coaching\tests\unit\test_business_api_client.py:25: error: Function is missing a return type annotation  [no-untyped-def]
coaching\tests\unit\test_business_api_client.py:25: note: Use "-> None" if function does not return a value
coaching\tests\unit\test_business_api_client.py:35: error: Function is missing a return type annotation  [no-untyped-def]
coaching\tests\unit\test_business_api_client.py:35: note: Use "-> None" if function does not return a value
coaching\tests\unit\test_business_api_client.py:54: error: Function is missing a return type annotation  [no-untyped-def]
coaching\tests\unit\test_business_api_client.py:54: note: Use "-> None" if function does not return a value
coaching\tests\unit\test_business_api_client.py:67: error: Function is missing a return type annotation  [no-untyped-def]
coaching\tests\unit\test_business_api_client.py:67: note: Use "-> None" if function does not return a value
coaching\tests\unit\test_business_api_client.py:86: error: Function is missing a return type annotation  [no-untyped-def]
coaching\tests\unit\test_business_api_client.py:103: error: Function is missing a type annotation  [no-untyped-def]
coaching\tests\unit\test_business_api_client.py:109: error: Function is missing a type annotation  [no-untyped-def]
coaching\tests\unit\test_business_api_client.py:126: error: Function is missing a type annotation  [no-untyped-def]
coaching\tests\unit\test_business_api_client.py:140: error: Function is missing a type annotation  [no-untyped-def]
coaching\tests\unit\test_business_api_client.py:157: error: Function is missing a return type annotation  [no-untyped-def]
coaching\tests\unit\test_business_api_client.py:175: error: Function is missing a type annotation  [no-untyped-def]
coaching\tests\unit\test_business_api_client.py:188: error: Function is missing a type annotation  [no-untyped-def]
coaching\tests\unit\test_business_api_client.py:208: error: Function is missing a return type annotation  [no-untyped-def]
coaching\tests\unit\test_business_api_client.py:215: error: Function is missing a type annotation  [no-untyped-def]
coaching\tests\unit\test_business_api_client.py:236: error: Function is missing a type annotation  [no-untyped-def]
coaching\tests\unit\test_business_api_client.py:251: error: Function is missing a type annotation  [no-untyped-def]
coaching\tests\unit\test_business_api_client.py:272: error: Function is missing a return type annotation  [no-untyped-def]
coaching\tests\unit\test_business_api_client.py:280: error: Function is missing a type annotation  [no-untyped-def]
coaching\tests\unit\test_business_api_client.py:299: error: Function is missing a type annotation  [no-untyped-def]
coaching\tests\unit\test_business_api_client.py:324: error: Function is missing a return type annotation  [no-untyped-def]
coaching\tests\unit\test_business_api_client.py:324: note: Use "-> None" if function does not return a value
coaching\tests\unit\test_business_api_client.py:341: error: Function is missing a return type annotation  [no-untyped-def]
coaching\tests\unit\test_business_api_client.py:341: note: Use "-> None" if function does not return a value
coaching\tests\unit\test_business_api_client.py:347: error: Function is missing a return type annotation  [no-untyped-def]
coaching\tests\unit\test_business_api_client.py:347: note: Use "-> None" if function does not return a value
coaching\tests\unit\test_business_api_client.py:356: error: Function is missing a return type annotation  [no-untyped-def]
coaching\tests\unit\test_business_api_client.py:356: note: Use "-> None" if function does not return a value
coaching\tests\unit\infrastructure\external\test_business_api_client.py:10: error: Function is missing a return type annotation  [no-untyped-def]
coaching\tests\unit\infrastructure\external\test_business_api_client.py:24: error: Function is missing a type annotation  [no-untyped-def]
coaching\tests\unit\infrastructure\external\test_business_api_client.py:37: error: Function is missing a return type annotation  [no-untyped-def]
coaching\tests\unit\infrastructure\external\test_business_api_client.py:37: note: Use "-> None" if function does not return a value
coaching\tests\unit\infrastructure\external\test_business_api_client.py:53: error: Function is missing a type annotation  [no-untyped-def]
coaching\tests\unit\infrastructure\external\test_business_api_client.py:66: error: Function is missing a type annotation  [no-untyped-def]
coaching\tests\unit\infrastructure\external\test_business_api_client.py:86: error: Function is missing a type annotation  [no-untyped-def]
coaching\tests\unit\infrastructure\external\test_business_api_client.py:99: error: Function is missing a type annotation  [no-untyped-def]
coaching\tests\unit\infrastructure\external\test_business_api_client.py:113: error: Function is missing a type annotation  [no-untyped-def]
coaching\tests\unit\infrastructure\external\test_business_api_client.py:127: error: Function is missing a type annotation  [no-untyped-def]
coaching\tests\unit\infrastructure\external\test_business_api_client.py:138: error: Function is missing a type annotation  [no-untyped-def]
coaching\tests\unit\infrastructure\external\test_business_api_client.py:154: error: Function is missing a type annotation  [no-untyped-def]
coaching\tests\unit\infrastructure\external\test_business_api_client.py:170: error: Function is missing a type annotation  [no-untyped-def]
coaching\tests\unit\infrastructure\external\test_business_api_client.py:184: error: Function is missing a type annotation  [no-untyped-def]
coaching\tests\unit\infrastructure\external\test_business_api_client.py:205: error: Function is missing a type annotation  [no-untyped-def]
coaching\tests\unit\infrastructure\external\test_business_api_client.py:210: error: Function is missing a type annotation  [no-untyped-def]
coaching\tests\unit\infrastructure\external\test_business_api_client.py:240: error: Function is missing a type annotation  [no-untyped-def]
coaching\tests\unit\infrastructure\external\test_business_api_client.py:247: error: Function is missing a type annotation  [no-untyped-def]
coaching\tests\integration\test_business_api_integration.py:87: error: Returning Any from function declared to return "str"  [no-any-return]
coaching\tests\integration\test_business_api_integration.py:96: error: Returning Any from function declared to return "str"  [no-any-return]
coaching\tests\integration\test_business_api_integration.py:105: error: Returning Any from function declared to return "str"  [no-any-return]
coaching\tests\integration\test_business_api_integration.py:109: error: The return type of an async generator function should be "AsyncGenerator" or one of its supertypes  [misc]
coaching\tests\integration\test_business_api_integration.py:319: error: Argument "timeout" to "BusinessApiClient" has incompatible type "float"; expected "int"  [arg-type]
coaching\tests\performance\test_api_performance.py:24: error: The return type of an async generator function should be "AsyncGenerator" or one of its supertypes  [misc]
coaching\tests\unit\test_response_models.py:19: error: Function is missing a return type annotation  [no-untyped-def]
coaching\tests\unit\test_response_models.py:19: note: Use "-> None" if function does not return a value
coaching\tests\unit\test_response_models.py:37: error: Function is missing a return type annotation  [no-untyped-def]
coaching\tests\unit\test_response_models.py:37: note: Use "-> None" if function does not return a value
coaching\tests\unit\test_response_models.py:57: error: Function is missing a return type annotation  [no-untyped-def]
coaching\tests\unit\test_response_models.py:57: note: Use "-> None" if function does not return a value
coaching\tests\unit\test_response_models.py:72: error: Argument 1 to "len" has incompatible type "list[str] | None"; expected "Sized"  [arg-type]
coaching\tests\unit\test_response_models.py:77: error: Function is missing a return type annotation  [no-untyped-def]
coaching\tests\unit\test_response_models.py:77: note: Use "-> None" if function does not return a value
coaching\tests\unit\test_response_models.py:92: error: Function is missing a return type annotation  [no-untyped-def]
coaching\tests\unit\test_response_models.py:92: note: Use "-> None" if function does not return a value
coaching\tests\unit\test_response_models.py:107: error: Argument 1 to "len" has incompatible type "list[str] | None"; expected "Sized"  [arg-type]
coaching\tests\unit\test_response_models.py:108: error: Argument 1 to "len" has incompatible type "list[str] | None"; expected "Sized"  [arg-type]
coaching\tests\unit\test_response_models.py:115: error: Function is missing a return type annotation  [no-untyped-def]
coaching\tests\unit\test_response_models.py:115: note: Use "-> None" if function does not return a value
coaching\tests\unit\test_response_models.py:139: error: Function is missing a return type annotation  [no-untyped-def]
coaching\tests\unit\test_response_models.py:139: note: Use "-> None" if function does not return a value
coaching\tests\unit\test_response_models.py:162: error: Function is missing a return type annotation  [no-untyped-def]
coaching\tests\unit\test_response_models.py:162: note: Use "-> None" if function does not return a value
coaching\tests\unit\test_response_models.py:188: error: Unexpected keyword argument "page_size" for "ConversationListResponse"  [call-arg]
coaching\src\models\responses.py: note: "ConversationListResponse" defined here
coaching\tests\unit\test_response_models.py:200: error: Function is missing a return type annotation  [no-untyped-def]
coaching\tests\unit\test_response_models.py:200: note: Use "-> None" if function does not return a value
coaching\tests\unit\test_response_models.py:213: error: Function is missing a return type annotation  [no-untyped-def]
coaching\tests\unit\test_response_models.py:213: note: Use "-> None" if function does not return a value
coaching\tests\unit\test_onboarding_models.py:19: error: Function is missing a return type annotation  [no-untyped-def]
coaching\tests\unit\test_onboarding_models.py:19: note: Use "-> None" if function does not return a value
coaching\tests\unit\test_onboarding_models.py:33: error: Function is missing a return type annotation  [no-untyped-def]
coaching\tests\unit\test_onboarding_models.py:33: note: Use "-> None" if function does not return a value
coaching\tests\unit\test_onboarding_models.py:36: error: Missing named argument "current" for "OnboardingSuggestionRequest"  [call-arg]
coaching\tests\unit\test_onboarding_models.py:43: error: Function is missing a return type annotation  [no-untyped-def]
coaching\tests\unit\test_onboarding_models.py:43: note: Use "-> None" if function does not return a value
coaching\tests\unit\test_onboarding_models.py:47: error: Missing named argument "current" for "OnboardingSuggestionRequest"  [call-arg]
coaching\tests\unit\test_onboarding_models.py:50: error: Function is missing a return type annotation  [no-untyped-def]
coaching\tests\unit\test_onboarding_models.py:50: note: Use "-> None" if function does not return a value
coaching\tests\unit\test_onboarding_models.py:54: error: Missing named argument "current" for "OnboardingSuggestionRequest"  [call-arg]
coaching\tests\unit\test_onboarding_models.py:59: error: Function is missing a return type annotation  [no-untyped-def]
coaching\tests\unit\test_onboarding_models.py:59: note: Use "-> None" if function does not return a value
coaching\tests\unit\test_onboarding_models.py:62: error: Missing named argument "current" for "OnboardingSuggestionRequest"  [call-arg]
coaching\tests\unit\test_onboarding_models.py:67: error: Function is missing a return type annotation  [no-untyped-def]
coaching\tests\unit\test_onboarding_models.py:67: note: Use "-> None" if function does not return a value
coaching\tests\unit\test_onboarding_models.py:70: error: Missing named argument "current" for "OnboardingSuggestionRequest"  [call-arg]
coaching\tests\unit\test_onboarding_models.py:87: error: Function is missing a return type annotation  [no-untyped-def]
coaching\tests\unit\test_onboarding_models.py:87: note: Use "-> None" if function does not return a value
coaching\tests\unit\test_onboarding_models.py:100: error: Function is missing a return type annotation  [no-untyped-def]
coaching\tests\unit\test_onboarding_models.py:100: note: Use "-> None" if function does not return a value
coaching\tests\unit\test_onboarding_models.py:112: error: Function is missing a return type annotation  [no-untyped-def]
coaching\tests\unit\test_onboarding_models.py:112: note: Use "-> None" if function does not return a value
coaching\tests\unit\test_onboarding_models.py:123: error: Function is missing a return type annotation  [no-untyped-def]
coaching\tests\unit\test_onboarding_models.py:123: note: Use "-> None" if function does not return a value
coaching\tests\unit\test_onboarding_models.py:142: error: Function is missing a return type annotation  [no-untyped-def]
coaching\tests\unit\test_onboarding_models.py:142: note: Use "-> None" if function does not return a value
coaching\tests\unit\test_onboarding_models.py:150: error: Function is missing a return type annotation  [no-untyped-def]
coaching\tests\unit\test_onboarding_models.py:150: note: Use "-> None" if function does not return a value
coaching\tests\unit\test_onboarding_models.py:158: error: Function is missing a return type annotation  [no-untyped-def]
coaching\tests\unit\test_onboarding_models.py:158: note: Use "-> None" if function does not return a value
coaching\tests\unit\test_onboarding_models.py:166: error: Function is missing a return type annotation  [no-untyped-def]
coaching\tests\unit\test_onboarding_models.py:166: note: Use "-> None" if function does not return a value
coaching\tests\unit\test_onboarding_models.py:174: error: Function is missing a return type annotation  [no-untyped-def]
coaching\tests\unit\test_onboarding_models.py:174: note: Use "-> None" if function does not return a value
coaching\tests\unit\test_onboarding_models.py:183: error: Function is missing a return type annotation  [no-untyped-def]
coaching\tests\unit\test_onboarding_models.py:183: note: Use "-> None" if function does not return a value
coaching\tests\unit\test_onboarding_models.py:189: error: Function is missing a return type annotation  [no-untyped-def]
coaching\tests\unit\test_onboarding_models.py:189: note: Use "-> None" if function does not return a value
coaching\tests\unit\test_onboarding_models.py:200: error: Function is missing a return type annotation  [no-untyped-def]
coaching\tests\unit\test_onboarding_models.py:200: note: Use "-> None" if function does not return a value
coaching\tests\unit\test_onboarding_models.py:217: error: Function is missing a return type annotation  [no-untyped-def]
coaching\tests\unit\test_onboarding_models.py:217: note: Use "-> None" if function does not return a value
coaching\tests\unit\test_onboarding_models.py:230: error: Argument 1 to "WebsiteScanResponse" has incompatible type "**dict[str, Sequence[str]]"; expected "str"  [arg-type]
coaching\tests\unit\test_onboarding_models.py:230: error: Argument 1 to "WebsiteScanResponse" has incompatible type "**dict[str, Sequence[str]]"; expected "list[str]"  [arg-type]
coaching\tests\unit\test_onboarding_models.py:237: error: Function is missing a return type annotation  [no-untyped-def]
coaching\tests\unit\test_onboarding_models.py:237: note: Use "-> None" if function does not return a value
coaching\tests\unit\test_onboarding_models.py:240: error: Unexpected keyword argument "business_name" for "WebsiteScanResponse"; did you mean "businessName"?  [call-arg]
coaching\src\api\models\onboarding.py: note: "WebsiteScanResponse" defined here
coaching\tests\unit\test_onboarding_models.py:240: error: Unexpected keyword argument "target_market" for "WebsiteScanResponse"; did you mean "targetMarket"?  [call-arg]
coaching\tests\unit\test_onboarding_models.py:240: error: Unexpected keyword argument "suggested_niche" for "WebsiteScanResponse"; did you mean "suggestedNiche"?  [call-arg]
coaching\tests\unit\test_onboarding_models.py:253: error: Function is missing a return type annotation  [no-untyped-def]
coaching\tests\unit\test_onboarding_models.py:253: note: Use "-> None" if function does not return a value
coaching\tests\unit\test_onboarding_models.py:268: error: Function is missing a return type annotation  [no-untyped-def]
coaching\tests\unit\test_onboarding_models.py:268: note: Use "-> None" if function does not return a value
coaching\tests\unit\test_onboarding_models.py:291: error: Function is missing a return type annotation  [no-untyped-def]
coaching\tests\unit\test_onboarding_models.py:291: note: Use "-> None" if function does not return a value
coaching\tests\unit\test_onboarding_models.py:305: error: Function is missing a return type annotation  [no-untyped-def]
coaching\tests\unit\test_onboarding_models.py:305: note: Use "-> None" if function does not return a value
coaching\tests\unit\test_onboarding_models.py:315: error: Function is missing a return type annotation  [no-untyped-def]
coaching\tests\unit\test_onboarding_models.py:315: note: Use "-> None" if function does not return a value
coaching\tests\unit\test_onboarding_models.py:326: error: Function is missing a return type annotation  [no-untyped-def]
coaching\tests\unit\test_onboarding_models.py:326: note: Use "-> None" if function does not return a value
coaching\tests\unit\test_onboarding_models.py:338: error: Function is missing a return type annotation  [no-untyped-def]
coaching\tests\unit\test_onboarding_models.py:338: note: Use "-> None" if function does not return a value
coaching\tests\unit\test_onboarding_models.py:351: error: Function is missing a return type annotation  [no-untyped-def]
coaching\tests\unit\test_onboarding_models.py:351: note: Use "-> None" if function does not return a value
coaching\tests\unit\test_onboarding_models.py:370: error: Function is missing a return type annotation  [no-untyped-def]
coaching\tests\unit\test_onboarding_models.py:370: note: Use "-> None" if function does not return a value
coaching\tests\unit\test_onboarding_models.py:383: error: Function is missing a return type annotation  [no-untyped-def]
coaching\tests\unit\test_onboarding_models.py:383: note: Use "-> None" if function does not return a value
coaching\tests\unit\test_onboarding_models.py:395: error: Function is missing a return type annotation  [no-untyped-def]
coaching\tests\unit\test_onboarding_models.py:395: note: Use "-> None" if function does not return a value
coaching\tests\unit\test_onboarding_models.py:406: error: Function is missing a return type annotation  [no-untyped-def]
coaching\tests\unit\test_onboarding_models.py:406: note: Use "-> None" if function does not return a value
coaching\tests\unit\test_onboarding_models.py:420: error: Function is missing a return type annotation  [no-untyped-def]
coaching\tests\unit\test_onboarding_models.py:420: note: Use "-> None" if function does not return a value
coaching\tests\unit\test_onboarding_models.py:439: error: Function is missing a return type annotation  [no-untyped-def]
coaching\tests\unit\test_onboarding_models.py:439: note: Use "-> None" if function does not return a value
coaching\tests\unit\test_onboarding_models.py:447: error: Function is missing a return type annotation  [no-untyped-def]
coaching\tests\unit\test_onboarding_models.py:447: note: Use "-> None" if function does not return a value
coaching\tests\unit\test_onboarding_models.py:463: error: Function is missing a return type annotation  [no-untyped-def]
coaching\tests\unit\test_onboarding_models.py:463: note: Use "-> None" if function does not return a value
coaching\tests\unit\test_onboarding_models.py:482: error: Function is missing a return type annotation  [no-untyped-def]
coaching\tests\unit\test_onboarding_models.py:482: note: Use "-> None" if function does not return a value
coaching\tests\unit\test_onboarding_models.py:499: error: Function is missing a return type annotation  [no-untyped-def]
coaching\tests\unit\test_onboarding_models.py:499: note: Use "-> None" if function does not return a value
coaching\tests\unit\services\test_audit_log_service.py:17: error: Function is missing a return type annotation  [no-untyped-def]
coaching\tests\unit\services\test_audit_log_service.py:17: note: Use "-> None" if function does not return a value
coaching\tests\unit\services\test_audit_log_service.py:30: error: Function is missing a return type annotation  [no-untyped-def]
coaching\tests\unit\services\test_audit_log_service.py:30: note: Use "-> None" if function does not return a value
coaching\tests\unit\services\test_audit_log_service.py:33: error: Missing named argument "ip_address" for "AuditLogEntry"  [call-arg]
coaching\tests\unit\services\test_audit_log_service.py:33: error: Missing named argument "user_agent" for "AuditLogEntry"  [call-arg]
coaching\tests\unit\services\test_audit_log_service.py:52: error: Function is missing a return type annotation  [no-untyped-def]
coaching\tests\unit\services\test_audit_log_service.py:52: note: Use "-> None" if function does not return a value
coaching\tests\unit\services\test_audit_log_service.py:81: error: Function is missing a return type annotation  [no-untyped-def]
coaching\tests\unit\services\test_audit_log_service.py:81: note: Use "-> None" if function does not return a value
coaching\tests\unit\services\test_audit_log_service.py:97: error: Function is missing a return type annotation  [no-untyped-def]
coaching\tests\unit\services\test_audit_log_service.py:101: error: Function is missing a type annotation  [no-untyped-def]
coaching\tests\unit\services\test_audit_log_service.py:113: error: Function is missing a type annotation  [no-untyped-def]
coaching\tests\unit\services\test_audit_log_service.py:126: error: Function is missing a type annotation  [no-untyped-def]
coaching\tests\unit\services\test_audit_log_service.py:145: error: Function is missing a return type annotation  [no-untyped-def]
coaching\tests\unit\services\test_audit_log_service.py:149: error: Function is missing a type annotation  [no-untyped-def]
coaching\tests\unit\services\test_audit_log_service.py:165: error: Function is missing a type annotation  [no-untyped-def]
coaching\tests\unit\services\test_audit_log_service.py:182: error: Function is missing a type annotation  [no-untyped-def]
coaching\tests\unit\services\test_audit_log_service.py:205: error: Function is missing a return type annotation  [no-untyped-def]
coaching\tests\unit\services\test_audit_log_service.py:209: error: Function is missing a type annotation  [no-untyped-def]
coaching\tests\unit\services\test_audit_log_service.py:221: error: Function is missing a type annotation  [no-untyped-def]
coaching\tests\unit\services\test_audit_log_service.py:240: error: Function is missing a return type annotation  [no-untyped-def]
coaching\tests\unit\services\test_audit_log_service.py:244: error: Function is missing a type annotation  [no-untyped-def]
coaching\tests\unit\services\test_audit_log_service.py:256: error: Function is missing a type annotation  [no-untyped-def]
coaching\tests\unit\services\test_audit_log_service.py:269: error: Function is missing a type annotation  [no-untyped-def]
coaching\tests\unit\services\test_audit_log_service.py:289: error: Function is missing a return type annotation  [no-untyped-def]
coaching\tests\unit\services\test_audit_log_service.py:293: error: Function is missing a type annotation  [no-untyped-def]
coaching\tests\unit\services\test_audit_log_service.py:308: error: Function is missing a type annotation  [no-untyped-def]
coaching\tests\unit\services\test_audit_log_service.py:330: error: Function is missing a return type annotation  [no-untyped-def]
coaching\tests\unit\services\test_audit_log_service.py:334: error: Function is missing a type annotation  [no-untyped-def]
coaching\tests\unit\services\test_audit_log_service.py:351: error: Function is missing a type annotation  [no-untyped-def]
coaching\tests\unit\services\test_audit_log_service.py:368: error: Function is missing a type annotation  [no-untyped-def]
coaching\tests\unit\domain\value_objects\test_message.py:130: error: Unused "type: ignore" comment  [unused-ignore]
coaching\tests\unit\domain\value_objects\test_message.py:139: error: Unused "type: ignore" comment  [unused-ignore]
coaching\tests\unit\domain\value_objects\test_message.py:149: error: Unused "type: ignore" comment  [unused-ignore]
coaching\tests\unit\domain\value_objects\test_conversation_context.py:135: error: Unused "type: ignore" comment  [unused-ignore]
coaching\tests\unit\domain\value_objects\test_conversation_context.py:144: error: Unused "type: ignore" comment  [unused-ignore]
coaching\tests\unit\domain\value_objects\test_conversation_context.py:156: error: Unused "type: ignore" comment  [unused-ignore]
coaching\tests\unit\domain\value_objects\test_alignment_score.py:67: error: Unused "type: ignore" comment  [unused-ignore]
coaching\tests\unit\domain\value_objects\test_alignment_score.py:172: error: Unused "type: ignore" comment  [unused-ignore]
coaching\tests\unit\domain\value_objects\test_alignment_score.py:339: error: Unused "type: ignore" comment  [unused-ignore]
coaching\tests\unit\domain\events\test_base_event.py:78: error: Unused "type: ignore" comment  [unused-ignore]
coaching\tests\unit\domain\events\test_base_event.py:151: error: Need type annotation for "data"  [var-annotated]
coaching\tests\unit\domain\entities\test_analysis_request.py:71: error: Unused "type: ignore" comment  [unused-ignore]
coaching\tests\unit\domain\events\test_conversation_events.py:50: error: Unused "type: ignore" comment  [unused-ignore]
coaching\tests\unit\test_models.py:12: error: Module "coaching.src.models.conversation" does not explicitly export attribute "Message"  [attr-defined]
coaching\tests\unit\domain\services\test_alignment_calculator.py:18: error: Missing type parameters for generic type "dict"  [type-arg]
coaching\tests\unit\domain\services\test_alignment_calculator.py:31: error: Missing type parameters for generic type "dict"  [type-arg]
coaching\tests\unit\domain\services\test_alignment_calculator.py:47: error: Missing type parameters for generic type "dict"  [type-arg]
coaching\tests\unit\domain\services\test_alignment_calculator.py:48: error: Missing type parameters for generic type "dict"  [type-arg]
coaching\tests\unit\domain\services\test_alignment_calculator.py:67: error: Missing type parameters for generic type "dict"  [type-arg]
coaching\tests\unit\domain\services\test_alignment_calculator.py:68: error: Missing type parameters for generic type "dict"  [type-arg]
coaching\tests\unit\domain\services\test_alignment_calculator.py:87: error: Missing type parameters for generic type "dict"  [type-arg]
coaching\tests\unit\domain\services\test_alignment_calculator.py:88: error: Missing type parameters for generic type "dict"  [type-arg]
coaching\tests\unit\domain\services\test_alignment_calculator.py:115: error: Need type annotation for "context" (hint: "context: dict[<type>, <type>] = ...")  [var-annotated]
coaching\tests\unit\domain\services\test_alignment_calculator.py:139: error: Need type annotation for "context" (hint: "context: dict[<type>, <type>] = ...")  [var-annotated]
coaching\tests\unit\domain\services\test_alignment_calculator.py:151: error: Need type annotation for "context" (hint: "context: dict[<type>, <type>] = ...")  [var-annotated]
coaching\tests\unit\domain\services\test_alignment_calculator.py:172: error: Need type annotation for "context" (hint: "context: dict[<type>, <type>] = ...")  [var-annotated]
coaching\tests\unit\domain\services\test_alignment_calculator.py:194: error: Need type annotation for "context"  [var-annotated]
coaching\tests\unit\domain\services\test_alignment_calculator.py:266: error: Need type annotation for "state" (hint: "state: dict[<type>, <type>] = ...")  [var-annotated]
coaching\tests\unit\domain\services\test_alignment_calculator.py:277: error: Need type annotation for "context" (hint: "context: dict[<type>, <type>] = ...")  [var-annotated]
coaching\tests\unit\domain\services\test_alignment_calculator.py:278: error: Need type annotation for "state" (hint: "state: dict[<type>, <type>] = ...")  [var-annotated]
coaching\tests\unit\domain\entities\test_conversation.py:176: error: Non-overlapping equality check (left operand type: "Literal[ConversationPhase.INTRODUCTION]", right operand type: "Literal[ConversationPhase.EXPLORATION]")  [comparison-overlap]
coaching\tests\integration\test_conversation_with_topics_e2e.py:15: error: Function is missing a return type annotation  [no-untyped-def]
coaching\tests\integration\test_conversation_with_topics_e2e.py:61: error: Function is missing a return type annotation  [no-untyped-def]
coaching\tests\integration\test_conversation_with_topics_e2e.py:104: error: Function is missing a type annotation  [no-untyped-def]
coaching\tests\integration\test_conversation_with_topics_e2e.py:121: error: Function is missing a type annotation  [no-untyped-def]
coaching\tests\integration\test_conversation_with_topics_e2e.py:134: error: Function is missing a type annotation  [no-untyped-def]
coaching\tests\integration\test_conversation_with_topics_e2e.py:149: error: Function is missing a type annotation  [no-untyped-def]
coaching\tests\integration\test_conversation_with_topics_e2e.py:174: error: Function is missing a type annotation  [no-untyped-def]
coaching\tests\integration\test_conversation_with_topics_e2e.py:194: error: Function is missing a type annotation  [no-untyped-def]
coaching\tests\integration\test_conversation_with_topics_e2e.py:221: error: Function is missing a type annotation  [no-untyped-def]
coaching\tests\integration\test_conversation_with_topics_e2e.py:234: error: Function is missing a type annotation  [no-untyped-def]
coaching\tests\integration\test_conversation_with_topics_e2e.py:247: error: Function is missing a type annotation  [no-untyped-def]
coaching\tests\integration\test_conversation_with_topics_e2e.py:262: error: Function is missing a type annotation  [no-untyped-def]
coaching\tests\integration\test_conversation_with_topics_e2e.py:273: error: Function is missing a type annotation  [no-untyped-def]
coaching\tests\integration\test_conversation_with_topics_e2e.py:291: error: Function is missing a type annotation  [no-untyped-def]
coaching\tests\integration\test_conversation_with_topics_e2e.py:306: error: Function is missing a type annotation  [no-untyped-def]
coaching\tests\integration\test_conversation_with_topics_e2e.py:327: error: Function is missing a return type annotation  [no-untyped-def]
coaching\tests\integration\test_conversation_with_topics_e2e.py:327: note: Use "-> None" if function does not return a value
coaching\tests\integration\test_conversation_with_topics_e2e.py:341: error: Function is missing a type annotation  [no-untyped-def]
coaching\tests\integration\test_conversation_with_topics_e2e.py:354: error: Function is missing a type annotation  [no-untyped-def]
coaching\tests\integration\test_conversation_with_topics_e2e.py:372: error: Function is missing a type annotation  [no-untyped-def]
coaching\tests\integration\test_conversation_with_topics_e2e.py:388: error: Function is missing a type annotation  [no-untyped-def]
coaching\tests\integration\test_conversation_with_topics_e2e.py:399: error: Function is missing a type annotation  [no-untyped-def]
coaching\tests\integration\test_conversation_with_topics_e2e.py:406: error: Function is missing a type annotation  [no-untyped-def]
coaching\tests\integration\test_conversation_with_topics_e2e.py:413: error: Function is missing a type annotation  [no-untyped-def]
coaching\tests\integration\test_conversation_with_topics_e2e.py:431: error: Function is missing a type annotation  [no-untyped-def]
coaching\tests\integration\test_conversation_with_topics_e2e.py:443: error: Non-overlapping equality check (left operand type: "Literal[ConversationStatus.ACTIVE]", right operand type: "Literal[ConversationStatus.COMPLETED]")  [comparison-overlap]
coaching\tests\integration\test_conversation_with_topics_e2e.py:446: error: Function is missing a type annotation  [no-untyped-def]
coaching\tests\integration\test_conversation_with_topics_e2e.py:457: error: Non-overlapping equality check (left operand type: "Literal[ConversationStatus.ACTIVE]", right operand type: "Literal[ConversationStatus.PAUSED]")  [comparison-overlap]
coaching\tests\integration\test_conversation_with_topics_e2e.py:460: error: Function is missing a type annotation  [no-untyped-def]
coaching\tests\integration\test_conversation_with_topics_e2e.py:472: error: Non-overlapping equality check (left operand type: "Literal[ConversationStatus.PAUSED]", right operand type: "Literal[ConversationStatus.ACTIVE]")  [comparison-overlap]
coaching\tests\unit\infrastructure\repositories\test_dynamodb_conversation_repository.py:15: error: Function is missing a return type annotation  [no-untyped-def]
coaching\tests\unit\infrastructure\repositories\test_dynamodb_conversation_repository.py:23: error: Function is missing a type annotation  [no-untyped-def]
coaching\tests\unit\infrastructure\repositories\test_dynamodb_conversation_repository.py:28: error: Function is missing a type annotation  [no-untyped-def]
coaching\tests\unit\infrastructure\repositories\test_dynamodb_conversation_repository.py:33: error: Function is missing a return type annotation  [no-untyped-def]
coaching\tests\unit\infrastructure\repositories\test_dynamodb_conversation_repository.py:35: error: Argument "conversation_id" to "Conversation" has incompatible type "str"; expected "ConversationId"  [arg-type]
coaching\tests\unit\infrastructure\repositories\test_dynamodb_conversation_repository.py:36: error: Argument "user_id" to "Conversation" has incompatible type "str"; expected "UserId"  [arg-type]
coaching\tests\unit\infrastructure\repositories\test_dynamodb_conversation_repository.py:37: error: Argument "tenant_id" to "Conversation" has incompatible type "str"; expected "TenantId"  [arg-type]
coaching\tests\unit\infrastructure\repositories\test_dynamodb_conversation_repository.py:52: error: Function is missing a type annotation  [no-untyped-def]
coaching\tests\unit\infrastructure\repositories\test_dynamodb_conversation_repository.py:71: error: Function is missing a type annotation  [no-untyped-def]
coaching\tests\unit\infrastructure\repositories\test_dynamodb_conversation_repository.py:81: error: Function is missing a type annotation  [no-untyped-def]
coaching\tests\unit\infrastructure\repositories\test_dynamodb_conversation_repository.py:99: error: Function is missing a type annotation  [no-untyped-def]
coaching\tests\unit\infrastructure\repositories\test_dynamodb_conversation_repository.py:111: error: Function is missing a type annotation  [no-untyped-def]
coaching\tests\unit\infrastructure\repositories\test_dynamodb_conversation_repository.py:124: error: Function is missing a type annotation  [no-untyped-def]
coaching\tests\unit\infrastructure\repositories\test_dynamodb_conversation_repository.py:144: error: Function is missing a type annotation  [no-untyped-def]
coaching\tests\unit\infrastructure\repositories\test_dynamodb_conversation_repository.py:159: error: Function is missing a type annotation  [no-untyped-def]
coaching\tests\unit\infrastructure\repositories\test_dynamodb_conversation_repository.py:178: error: Function is missing a type annotation  [no-untyped-def]
coaching\tests\unit\infrastructure\repositories\test_dynamodb_conversation_repository.py:191: error: Function is missing a type annotation  [no-untyped-def]
coaching\tests\unit\infrastructure\repositories\test_dynamodb_conversation_repository.py:204: error: Function is missing a type annotation  [no-untyped-def]
coaching\tests\unit\domain\services\test_phase_transition_service.py:41: error: Argument "role" to "add_message" of "Conversation" has incompatible type "str"; expected "MessageRole"  [arg-type]
coaching\tests\unit\domain\services\test_phase_transition_service.py:119: error: Argument "role" to "add_message" of "Conversation" has incompatible type "str"; expected "MessageRole"  [arg-type]
coaching\tests\unit\domain\services\test_phase_transition_service.py:138: error: Argument "role" to "add_message" of "Conversation" has incompatible type "str"; expected "MessageRole"  [arg-type]
coaching\tests\unit\domain\services\test_phase_transition_service.py:156: error: Argument "role" to "add_message" of "Conversation" has incompatible type "str"; expected "MessageRole"  [arg-type]
coaching\tests\unit\domain\services\test_phase_transition_service.py:193: error: Argument "role" to "add_message" of "Conversation" has incompatible type "str"; expected "MessageRole"  [arg-type]
coaching\tests\unit\domain\services\test_phase_transition_service.py:263: error: Argument "role" to "add_message" of "Conversation" has incompatible type "str"; expected "MessageRole"  [arg-type]
coaching\tests\unit\domain\services\test_phase_transition_service.py:277: error: Argument "role" to "add_message" of "Conversation" has incompatible type "str"; expected "MessageRole"  [arg-type]
coaching\tests\e2e\conftest.py:54: error: The return type of an async generator function should be "AsyncGenerator" or one of its supertypes  [misc]
coaching\tests\unit\services\test_user_limits_service.py:93: error: Function is missing a type annotation  [no-untyped-def]
coaching\tests\unit\services\test_user_limits_service.py:119: error: Function is missing a type annotation  [no-untyped-def]
coaching\tests\unit\test_bedrock_provider.py:14: error: Function is missing a return type annotation  [no-untyped-def]
coaching\tests\unit\test_bedrock_provider.py:14: note: Use "-> None" if function does not return a value
coaching\tests\unit\test_bedrock_provider.py:27: error: Function is missing a return type annotation  [no-untyped-def]
coaching\tests\unit\test_bedrock_provider.py:27: note: Use "-> None" if function does not return a value
coaching\tests\unit\test_bedrock_provider.py:44: error: Function is missing a return type annotation  [no-untyped-def]
coaching\tests\unit\test_bedrock_provider.py:44: note: Use "-> None" if function does not return a value
coaching\tests\unit\test_bedrock_provider.py:52: error: Function is missing a return type annotation  [no-untyped-def]
coaching\tests\unit\test_bedrock_provider.py:52: note: Use "-> None" if function does not return a value
coaching\tests\unit\test_bedrock_provider.py:66: error: Function is missing a return type annotation  [no-untyped-def]
coaching\tests\unit\test_bedrock_provider.py:66: note: Use "-> None" if function does not return a value
coaching\tests\unit\test_bedrock_provider.py:85: error: Function is missing a return type annotation  [no-untyped-def]
coaching\tests\unit\test_bedrock_provider.py:90: error: Function is missing a type annotation  [no-untyped-def]
coaching\tests\unit\test_bedrock_provider.py:104: error: Function is missing a type annotation  [no-untyped-def]
coaching\tests\unit\test_bedrock_provider.py:118: error: Function is missing a type annotation  [no-untyped-def]
coaching\tests\unit\test_bedrock_provider.py:132: error: Function is missing a type annotation  [no-untyped-def]
coaching\tests\unit\test_bedrock_provider.py:163: error: Function is missing a return type annotation  [no-untyped-def]
coaching\tests\unit\test_bedrock_provider.py:163: note: Use "-> None" if function does not return a value
coaching\tests\unit\test_bedrock_provider.py:173: error: Function is missing a return type annotation  [no-untyped-def]
coaching\tests\unit\test_bedrock_provider.py:173: note: Use "-> None" if function does not return a value
coaching\tests\unit\test_bedrock_provider.py:188: error: Function is missing a return type annotation  [no-untyped-def]
coaching\tests\unit\test_bedrock_provider.py:192: error: Function is missing a type annotation  [no-untyped-def]
coaching\tests\unit\test_bedrock_provider.py:195: error: Need type annotation for "messages" (hint: "messages: list[<type>] = ...")  [var-annotated]
coaching\tests\unit\test_bedrock_provider.py:216: error: Function is missing a type annotation  [no-untyped-def]
coaching\tests\unit\test_bedrock_provider.py:241: error: Function is missing a type annotation  [no-untyped-def]
coaching\tests\unit\test_bedrock_provider.py:272: error: Function is missing a return type annotation  [no-untyped-def]
coaching\tests\unit\test_bedrock_provider.py:284: error: Function is missing a type annotation  [no-untyped-def]
coaching\tests\unit\test_bedrock_provider.py:297: error: Function is missing a type annotation  [no-untyped-def]
coaching\tests\unit\test_bedrock_provider.py:319: error: Function is missing a return type annotation  [no-untyped-def]
coaching\tests\unit\test_bedrock_provider.py:319: note: Use "-> None" if function does not return a value
coaching\tests\unit\test_bedrock_provider.py:331: error: Function is missing a return type annotation  [no-untyped-def]
coaching\tests\unit\test_bedrock_provider.py:331: note: Use "-> None" if function does not return a value
coaching\tests\unit\services\test_usage_analytics_service.py:14: error: Function is missing a return type annotation  [no-untyped-def]
coaching\tests\unit\services\test_usage_analytics_service.py:18: error: Function is missing a type annotation  [no-untyped-def]
coaching\tests\unit\services\test_usage_analytics_service.py:22: error: Function is missing a return type annotation  [no-untyped-def]
coaching\tests\unit\services\test_usage_analytics_service.py:57: error: Function is missing a type annotation  [no-untyped-def]
coaching\tests\unit\services\test_usage_analytics_service.py:76: error: Function is missing a type annotation  [no-untyped-def]
coaching\tests\unit\services\test_usage_analytics_service.py:94: error: Function is missing a type annotation  [no-untyped-def]
coaching\tests\unit\services\test_usage_analytics_service.py:111: error: Function is missing a type annotation  [no-untyped-def]
coaching\tests\unit\services\test_usage_analytics_service.py:126: error: Function is missing a type annotation  [no-untyped-def]
coaching\tests\unit\services\test_usage_analytics_service.py:141: error: Function is missing a type annotation  [no-untyped-def]
coaching\tests\unit\services\test_usage_analytics_service.py:156: error: Function is missing a type annotation  [no-untyped-def]
coaching\tests\unit\services\test_usage_analytics_service.py:175: error: Function is missing a type annotation  [no-untyped-def]
coaching\tests\unit\services\test_prompt_service.py:69: error: Unused "type: ignore" comment  [unused-ignore]
coaching\tests\unit\services\test_prompt_service.py:82: error: Unused "type: ignore" comment  [unused-ignore]
coaching\tests\unit\services\test_prompt_service.py:128: error: Argument "topic_repository" to "PromptService" has incompatible type "DummyTopicRepository"; expected "TopicRepository"  [arg-type]
coaching\tests\unit\services\test_prompt_service.py:129: error: Argument "s3_storage" to "PromptService" has incompatible type "DummyS3PromptStorage"; expected "S3PromptStorage"  [arg-type]
coaching\tests\unit\services\test_prompt_service.py:130: error: Argument "cache_service" to "PromptService" has incompatible type "DummyCacheService"; expected "CacheService"  [arg-type]
coaching\tests\unit\services\test_prompt_service.py:158: error: Argument "topic_repository" to "PromptService" has incompatible type "DummyTopicRepository"; expected "TopicRepository"  [arg-type]
coaching\tests\unit\services\test_prompt_service.py:159: error: Argument "s3_storage" to "PromptService" has incompatible type "DummyS3PromptStorage"; expected "S3PromptStorage"  [arg-type]
coaching\tests\unit\services\test_prompt_service.py:160: error: Argument "cache_service" to "PromptService" has incompatible type "DummyCacheService"; expected "CacheService"  [arg-type]
coaching\tests\unit\services\test_prompt_service.py:182: error: Argument "topic_repository" to "PromptService" has incompatible type "DummyTopicRepository"; expected "TopicRepository"  [arg-type]
coaching\tests\unit\services\test_prompt_service.py:183: error: Argument "s3_storage" to "PromptService" has incompatible type "DummyS3PromptStorage"; expected "S3PromptStorage"  [arg-type]
coaching\tests\unit\services\test_prompt_service.py:184: error: Argument "cache_service" to "PromptService" has incompatible type "DummyCacheService"; expected "CacheService"  [arg-type]
coaching\tests\unit\services\test_prompt_service.py:200: error: Argument "topic_repository" to "PromptService" has incompatible type "DummyTopicRepository"; expected "TopicRepository"  [arg-type]
coaching\tests\unit\services\test_prompt_service.py:201: error: Argument "s3_storage" to "PromptService" has incompatible type "DummyS3PromptStorage"; expected "S3PromptStorage"  [arg-type]
coaching\tests\unit\services\test_prompt_service.py:202: error: Argument "cache_service" to "PromptService" has incompatible type "DummyCacheService"; expected "CacheService"  [arg-type]
coaching\tests\unit\infrastructure\repositories\llm_config\test_template_metadata_repository.py:13: error: Function is missing a return type annotation  [no-untyped-def]
coaching\tests\unit\infrastructure\repositories\llm_config\test_template_metadata_repository.py:24: error: Function is missing a return type annotation  [no-untyped-def]
coaching\tests\unit\infrastructure\repositories\llm_config\test_template_metadata_repository.py:28: error: Function is missing a type annotation  [no-untyped-def]
coaching\tests\unit\infrastructure\repositories\llm_config\test_template_metadata_repository.py:33: error: Function is missing a return type annotation  [no-untyped-def]
coaching\tests\unit\infrastructure\repositories\llm_config\test_template_metadata_repository.py:50: error: Function is missing a type annotation  [no-untyped-def]
coaching\tests\unit\infrastructure\repositories\llm_config\test_template_metadata_repository.py:69: error: Function is missing a type annotation  [no-untyped-def]
coaching\tests\unit\infrastructure\repositories\llm_config\test_template_metadata_repository.py:98: error: Function is missing a type annotation  [no-untyped-def]
coaching\tests\unit\infrastructure\repositories\llm_config\test_template_metadata_repository.py:109: error: Function is missing a type annotation  [no-untyped-def]
coaching\tests\unit\infrastructure\repositories\llm_config\test_template_metadata_repository.py:138: error: Function is missing a type annotation  [no-untyped-def]
coaching\tests\unit\infrastructure\repositories\llm_config\test_template_metadata_repository.py:167: error: Function is missing a type annotation  [no-untyped-def]
coaching\tests\unit\infrastructure\repositories\llm_config\test_template_metadata_repository.py:180: error: Function is missing a type annotation  [no-untyped-def]
coaching\tests\unit\infrastructure\repositories\llm_config\test_template_metadata_repository.py:231: error: Function is missing a type annotation  [no-untyped-def]
coaching\tests\unit\infrastructure\repositories\llm_config\test_template_metadata_repository.py:249: error: Function is missing a type annotation  [no-untyped-def]
coaching\tests\unit\infrastructure\repositories\llm_config\test_template_metadata_repository.py:273: error: Function is missing a type annotation  [no-untyped-def]
coaching\tests\unit\infrastructure\repositories\llm_config\test_template_metadata_repository.py:288: error: Function is missing a type annotation  [no-untyped-def]
coaching\tests\unit\infrastructure\repositories\llm_config\test_template_metadata_repository.py:306: error: Function is missing a type annotation  [no-untyped-def]
coaching\tests\unit\infrastructure\repositories\llm_config\test_template_metadata_repository.py:321: error: Function is missing a type annotation  [no-untyped-def]
coaching\tests\unit\infrastructure\repositories\llm_config\test_template_metadata_repository.py:339: error: Function is missing a type annotation  [no-untyped-def]
coaching\tests\unit\infrastructure\repositories\llm_config\test_llm_configuration_repository.py:16: error: Function is missing a return type annotation  [no-untyped-def]
coaching\tests\unit\infrastructure\repositories\llm_config\test_llm_configuration_repository.py:34: error: Function is missing a type annotation  [no-untyped-def]
coaching\tests\unit\infrastructure\repositories\llm_config\test_llm_configuration_repository.py:39: error: Function is missing a return type annotation  [no-untyped-def]
coaching\tests\unit\infrastructure\repositories\llm_config\test_llm_configuration_repository.py:61: error: Function is missing a type annotation  [no-untyped-def]
coaching\tests\unit\infrastructure\repositories\llm_config\test_llm_configuration_repository.py:77: error: Function is missing a type annotation  [no-untyped-def]
coaching\tests\unit\infrastructure\repositories\llm_config\test_llm_configuration_repository.py:93: error: Function is missing a type annotation  [no-untyped-def]
coaching\tests\unit\infrastructure\repositories\llm_config\test_llm_configuration_repository.py:129: error: Function is missing a type annotation  [no-untyped-def]
coaching\tests\unit\infrastructure\repositories\llm_config\test_llm_configuration_repository.py:142: error: Function is missing a type annotation  [no-untyped-def]
coaching\tests\unit\infrastructure\repositories\llm_config\test_llm_configuration_repository.py:158: error: Function is missing a type annotation  [no-untyped-def]
coaching\tests\unit\infrastructure\repositories\llm_config\test_llm_configuration_repository.py:170: error: Function is missing a type annotation  [no-untyped-def]
coaching\tests\unit\infrastructure\repositories\llm_config\test_llm_configuration_repository.py:185: error: Function is missing a type annotation  [no-untyped-def]
coaching\tests\unit\infrastructure\repositories\llm_config\test_llm_configuration_repository.py:197: error: Function is missing a type annotation  [no-untyped-def]
coaching\tests\unit\infrastructure\repositories\llm_config\test_llm_configuration_repository.py:213: error: Function is missing a type annotation  [no-untyped-def]
coaching\tests\unit\infrastructure\repositories\llm_config\test_llm_configuration_repository.py:225: error: Function is missing a type annotation  [no-untyped-def]
coaching\tests\unit\infrastructure\repositories\llm_config\test_llm_configuration_repository.py:241: error: Function is missing a type annotation  [no-untyped-def]
coaching\tests\unit\infrastructure\repositories\llm_config\test_llm_configuration_repository.py:253: error: Function is missing a type annotation  [no-untyped-def]
coaching\tests\unit\infrastructure\repositories\llm_config\test_llm_configuration_repository.py:291: error: Function is missing a type annotation  [no-untyped-def]
coaching\tests\unit\application\prompt\test_prompt_application_service.py:12: error: Function is missing a return type annotation  [no-untyped-def]
coaching\tests\unit\application\prompt\test_prompt_application_service.py:16: error: Function is missing a type annotation  [no-untyped-def]
coaching\tests\unit\application\prompt\test_prompt_application_service.py:20: error: Function is missing a return type annotation  [no-untyped-def]
coaching\tests\unit\application\prompt\test_prompt_application_service.py:27: error: Function is missing a type annotation  [no-untyped-def]
coaching\tests\unit\application\prompt\test_prompt_application_service.py:37: error: Function is missing a type annotation  [no-untyped-def]
coaching\tests\unit\application\prompt\test_prompt_application_service.py:47: error: Function is missing a type annotation  [no-untyped-def]
coaching\tests\unit\application\prompt\test_prompt_application_service.py:57: error: Function is missing a type annotation  [no-untyped-def]
coaching\tests\unit\application\prompt\test_prompt_application_service.py:67: error: Function is missing a type annotation  [no-untyped-def]
coaching\tests\unit\application\prompt\test_prompt_application_service.py:78: error: Function is missing a type annotation  [no-untyped-def]
coaching\tests\unit\application\prompt\test_prompt_application_service.py:88: error: Function is missing a type annotation  [no-untyped-def]
coaching\tests\unit\application\prompt\test_prompt_application_service.py:97: error: Function is missing a type annotation  [no-untyped-def]
coaching\tests\unit\application\prompt\test_prompt_application_service.py:105: error: Function is missing a type annotation  [no-untyped-def]
coaching\tests\unit\application\prompt\test_prompt_application_service.py:114: error: Function is missing a type annotation  [no-untyped-def]
coaching\tests\unit\application\prompt\test_prompt_application_service.py:124: error: Function is missing a type annotation  [no-untyped-def]
coaching\tests\unit\application\prompt\test_prompt_application_service.py:134: error: Function is missing a type annotation  [no-untyped-def]
coaching\tests\unit\application\prompt\test_prompt_application_service.py:142: error: Function is missing a type annotation  [no-untyped-def]
coaching\tests\unit\application\prompt\test_prompt_application_service.py:151: error: Function is missing a type annotation  [no-untyped-def]
coaching\tests\unit\application\prompt\test_prompt_application_service.py:159: error: Function is missing a type annotation  [no-untyped-def]
coaching\tests\unit\application\prompt\test_prompt_application_service.py:171: error: Function is missing a type annotation  [no-untyped-def]
coaching\tests\unit\application\llm\test_llm_application_service.py:9: error: Function is missing a return type annotation  [no-untyped-def]
coaching\tests\unit\application\llm\test_llm_application_service.py:17: error: Function is missing a type annotation  [no-untyped-def]
coaching\tests\unit\application\llm\test_llm_application_service.py:22: error: Function is missing a return type annotation  [no-untyped-def]
coaching\tests\unit\application\llm\test_llm_application_service.py:28: error: Function is missing a type annotation  [no-untyped-def]
coaching\tests\unit\application\llm\test_llm_application_service.py:49: error: Function is missing a type annotation  [no-untyped-def]
coaching\tests\unit\application\llm\test_llm_application_service.py:66: error: Function is missing a type annotation  [no-untyped-def]
coaching\tests\unit\application\llm\test_llm_application_service.py:76: error: Function is missing a type annotation  [no-untyped-def]
coaching\tests\unit\application\llm\test_llm_application_service.py:97: error: Function is missing a type annotation  [no-untyped-def]
coaching\tests\unit\application\llm\test_llm_application_service.py:99: error: Function is missing a type annotation  [no-untyped-def]
coaching\tests\unit\application\llm\test_llm_application_service.py:114: error: Function is missing a type annotation  [no-untyped-def]
coaching\tests\unit\application\llm\test_llm_application_service.py:125: error: Function is missing a type annotation  [no-untyped-def]
coaching\tests\unit\application\llm\test_llm_application_service.py:136: error: Function is missing a type annotation  [no-untyped-def]
coaching\tests\unit\application\llm\test_llm_application_service.py:143: error: Function is missing a type annotation  [no-untyped-def]
coaching\tests\unit\application\llm\test_llm_application_service.py:150: error: Function is missing a type annotation  [no-untyped-def]
coaching\tests\unit\application\conversation\test_conversation_application_service.py:18: error: Function is missing a return type annotation  [no-untyped-def]
coaching\tests\unit\application\conversation\test_conversation_application_service.py:23: error: Function is missing a type annotation  [no-untyped-def]
coaching\tests\unit\application\conversation\test_conversation_application_service.py:28: error: Function is missing a return type annotation  [no-untyped-def]
coaching\tests\unit\application\conversation\test_conversation_application_service.py:33: error: Function is missing a return type annotation  [no-untyped-def]
coaching\tests\unit\application\conversation\test_conversation_application_service.py:38: error: Function is missing a return type annotation  [no-untyped-def]
coaching\tests\unit\application\conversation\test_conversation_application_service.py:43: error: Function is missing a type annotation  [no-untyped-def]
coaching\tests\unit\application\conversation\test_conversation_application_service.py:55: error: Function is missing a type annotation  [no-untyped-def]
coaching\tests\unit\application\conversation\test_conversation_application_service.py:77: error: Function is missing a type annotation  [no-untyped-def]
coaching\tests\unit\application\conversation\test_conversation_application_service.py:94: error: Function is missing a type annotation  [no-untyped-def]
coaching\tests\unit\application\conversation\test_conversation_application_service.py:113: error: Function is missing a type annotation  [no-untyped-def]
coaching\tests\unit\application\conversation\test_conversation_application_service.py:126: error: Function is missing a type annotation  [no-untyped-def]
coaching\tests\unit\application\conversation\test_conversation_application_service.py:147: error: Function is missing a type annotation  [no-untyped-def]
coaching\tests\unit\application\conversation\test_conversation_application_service.py:160: error: Function is missing a type annotation  [no-untyped-def]
coaching\tests\unit\application\conversation\test_conversation_application_service.py:168: error: Function is missing a type annotation  [no-untyped-def]
coaching\tests\unit\application\conversation\test_conversation_application_service.py:184: error: Function is missing a type annotation  [no-untyped-def]
coaching\tests\unit\application\conversation\test_conversation_application_service.py:199: error: Function is missing a type annotation  [no-untyped-def]
coaching\tests\unit\application\conversation\test_conversation_application_service.py:215: error: Function is missing a type annotation  [no-untyped-def]
coaching\tests\unit\application\conversation\test_conversation_application_service.py:237: error: Function is missing a type annotation  [no-untyped-def]
coaching\tests\unit\application\conversation\test_conversation_application_service.py:248: error: Function is missing a type annotation  [no-untyped-def]
coaching\tests\unit\application\ai_engine\test_unified_ai_engine.py:29: error: Function is missing a return type annotation  [no-untyped-def]
coaching\tests\unit\application\ai_engine\test_unified_ai_engine.py:34: error: Function is missing a return type annotation  [no-untyped-def]
coaching\tests\unit\application\ai_engine\test_unified_ai_engine.py:39: error: Function is missing a return type annotation  [no-untyped-def]
coaching\tests\unit\application\ai_engine\test_unified_ai_engine.py:44: error: Function is missing a return type annotation  [no-untyped-def]
coaching\tests\unit\application\ai_engine\test_unified_ai_engine.py:49: error: Function is missing a return type annotation  [no-untyped-def]
coaching\tests\unit\application\ai_engine\test_unified_ai_engine.py:54: error: Function is missing a type annotation  [no-untyped-def]
coaching\tests\unit\application\ai_engine\test_unified_ai_engine.py:71: error: Function is missing a return type annotation  [no-untyped-def]
coaching\tests\unit\application\ai_engine\test_unified_ai_engine.py:95: error: Function is missing a type annotation  [no-untyped-def]
coaching\tests\unit\application\ai_engine\test_unified_ai_engine.py:144: error: Function is missing a type annotation  [no-untyped-def]
coaching\tests\unit\application\ai_engine\test_unified_ai_engine.py:162: error: Function is missing a type annotation  [no-untyped-def]
coaching\tests\unit\application\ai_engine\test_unified_ai_engine.py:181: error: Function is missing a type annotation  [no-untyped-def]
coaching\tests\unit\application\ai_engine\test_unified_ai_engine.py:188: error: Need type annotation for "parameters" (hint: "parameters: dict[<type>, <type>] = ...")  [var-annotated]
coaching\tests\unit\application\ai_engine\test_unified_ai_engine.py:201: error: Function is missing a type annotation  [no-untyped-def]
coaching\tests\unit\application\ai_engine\test_unified_ai_engine.py:221: error: Function is missing a return type annotation  [no-untyped-def]
coaching\tests\unit\application\ai_engine\test_unified_ai_engine.py:238: error: Function is missing a type annotation  [no-untyped-def]
coaching\tests\unit\application\ai_engine\test_unified_ai_engine.py:250: error: Function is missing a type annotation  [no-untyped-def]
coaching\tests\unit\application\ai_engine\test_unified_ai_engine.py:281: error: Function is missing a type annotation  [no-untyped-def]
coaching\tests\unit\application\ai_engine\test_unified_ai_engine.py:300: error: Function is missing a type annotation  [no-untyped-def]
coaching\tests\unit\application\ai_engine\test_unified_ai_engine.py:349: error: Function is missing a type annotation  [no-untyped-def]
coaching\tests\unit\application\ai_engine\test_unified_ai_engine.py:367: error: Function is missing a type annotation  [no-untyped-def]
coaching\tests\unit\application\ai_engine\test_unified_ai_engine.py:386: error: Function is missing a type annotation  [no-untyped-def]
coaching\tests\unit\application\ai_engine\test_unified_ai_engine.py:406: error: Function is missing a type annotation  [no-untyped-def]
coaching\tests\integration\test_unified_ai_engine.py:24: error: Function is missing a return type annotation  [no-untyped-def]
coaching\tests\integration\test_unified_ai_engine.py:24: note: Use "-> None" if function does not return a value
coaching\tests\integration\test_unified_ai_engine.py:28: error: Function is missing a return type annotation  [no-untyped-def]
coaching\tests\integration\test_unified_ai_engine.py:28: note: Use "-> None" if function does not return a value
coaching\tests\integration\test_unified_ai_engine.py:36: error: Function is missing a return type annotation  [no-untyped-def]
coaching\tests\integration\test_unified_ai_engine.py:36: note: Use "-> None" if function does not return a value
coaching\tests\integration\test_unified_ai_engine.py:48: error: Function is missing a return type annotation  [no-untyped-def]
coaching\tests\integration\test_unified_ai_engine.py:48: note: Use "-> None" if function does not return a value
coaching\tests\integration\test_unified_ai_engine.py:65: error: Function is missing a return type annotation  [no-untyped-def]
coaching\tests\integration\test_unified_ai_engine.py:65: note: Use "-> None" if function does not return a value
coaching\tests\integration\test_unified_ai_engine.py:91: error: Function is missing a return type annotation  [no-untyped-def]
coaching\tests\integration\test_unified_ai_engine.py:91: note: Use "-> None" if function does not return a value
coaching\tests\integration\test_unified_ai_engine.py:95: error: Function is missing a return type annotation  [no-untyped-def]
coaching\tests\integration\test_unified_ai_engine.py:95: note: Use "-> None" if function does not return a value
coaching\tests\integration\test_unified_ai_engine.py:106: error: Function is missing a return type annotation  [no-untyped-def]
coaching\tests\integration\test_unified_ai_engine.py:106: note: Use "-> None" if function does not return a value
coaching\tests\integration\test_unified_ai_engine.py:126: error: Function is missing a return type annotation  [no-untyped-def]
coaching\tests\integration\test_unified_ai_engine.py:126: note: Use "-> None" if function does not return a value
coaching\tests\integration\test_unified_ai_engine.py:146: error: Function is missing a return type annotation  [no-untyped-def]
coaching\tests\integration\test_unified_ai_engine.py:146: note: Use "-> None" if function does not return a value
coaching\tests\integration\test_unified_ai_engine.py:153: error: Function is missing a return type annotation  [no-untyped-def]
coaching\tests\integration\test_unified_ai_engine.py:153: note: Use "-> None" if function does not return a value
coaching\tests\integration\test_unified_ai_engine.py:162: error: Function is missing a return type annotation  [no-untyped-def]
coaching\tests\integration\test_unified_ai_engine.py:162: note: Use "-> None" if function does not return a value
coaching\tests\integration\test_unified_ai_engine.py:170: error: Function is missing a return type annotation  [no-untyped-def]
coaching\tests\integration\test_unified_ai_engine.py:170: note: Use "-> None" if function does not return a value
coaching\tests\integration\test_unified_ai_engine.py:179: error: Function is missing a return type annotation  [no-untyped-def]
coaching\tests\integration\test_unified_ai_engine.py:179: note: Use "-> None" if function does not return a value
coaching\tests\integration\test_unified_ai_engine.py:187: error: Function is missing a return type annotation  [no-untyped-def]
coaching\tests\integration\test_unified_ai_engine.py:187: note: Use "-> None" if function does not return a value
coaching\tests\integration\test_unified_ai_engine.py:201: error: Function is missing a return type annotation  [no-untyped-def]
coaching\tests\integration\test_unified_ai_engine.py:201: note: Use "-> None" if function does not return a value
coaching\tests\integration\test_unified_ai_engine.py:216: error: Function is missing a return type annotation  [no-untyped-def]
coaching\tests\integration\test_unified_ai_engine.py:216: note: Use "-> None" if function does not return a value
coaching\tests\integration\test_topic_system_e2e.py:16: error: Function is missing a return type annotation  [no-untyped-def]
coaching\tests\integration\test_topic_system_e2e.py:56: error: Function is missing a return type annotation  [no-untyped-def]
coaching\tests\integration\test_topic_system_e2e.py:63: error: Function is missing a return type annotation  [no-untyped-def]
coaching\tests\integration\test_topic_system_e2e.py:71: error: Function is missing a return type annotation  [no-untyped-def]
coaching\tests\integration\test_topic_system_e2e.py:83: error: Function is missing a type annotation  [no-untyped-def]
coaching\tests\integration\test_topic_system_e2e.py:105: error: Function is missing a type annotation  [no-untyped-def]
coaching\tests\integration\test_topic_system_e2e.py:114: error: Function is missing a type annotation  [no-untyped-def]
coaching\tests\integration\test_topic_system_e2e.py:136: error: Function is missing a type annotation  [no-untyped-def]
coaching\tests\integration\test_topic_system_e2e.py:162: error: Function is missing a type annotation  [no-untyped-def]
coaching\tests\integration\test_topic_system_e2e.py:188: error: Function is missing a type annotation  [no-untyped-def]
coaching\tests\integration\test_topic_system_e2e.py:235: error: Function is missing a type annotation  [no-untyped-def]
coaching\tests\integration\test_topic_system_e2e.py:254: error: Function is missing a type annotation  [no-untyped-def]
coaching\tests\integration\test_topic_system_e2e.py:272: error: Function is missing a type annotation  [no-untyped-def]
coaching\tests\integration\test_topic_system_e2e.py:295: error: Function is missing a type annotation  [no-untyped-def]
coaching\tests\integration\test_topic_system_e2e.py:300: error: Function is missing a return type annotation  [no-untyped-def]
coaching\tests\integration\test_topic_system_e2e.py:300: note: Use "-> None" if function does not return a value
coaching\tests\integration\test_topic_system_e2e.py:318: error: Function is missing a return type annotation  [no-untyped-def]
coaching\tests\integration\test_topic_system_e2e.py:318: note: Use "-> None" if function does not return a value
coaching\tests\integration\test_topic_system_e2e.py:341: error: Function is missing a type annotation  [no-untyped-def]
coaching\tests\integration\test_topic_system_e2e.py:392: error: Function is missing a type annotation  [no-untyped-def]
coaching\tests\integration\test_topic_system_e2e.py:401: error: Function is missing a type annotation  [no-untyped-def]
coaching\tests\integration\test_topic_system_e2e.py:426: error: Function is missing a type annotation  [no-untyped-def]
coaching\tests\integration\test_topic_system_e2e.py:447: error: Function is missing a type annotation  [no-untyped-def]
coaching\tests\integration\test_topic_system_e2e.py:462: error: Function is missing a type annotation  [no-untyped-def]
coaching\tests\integration\test_topic_system_e2e.py:471: error: Function is missing a type annotation  [no-untyped-def]
coaching\tests\unit\services\test_llm_template_service.py:21: error: Function is missing a return type annotation  [no-untyped-def]
coaching\tests\unit\services\test_llm_template_service.py:25: error: Function is missing a return type annotation  [no-untyped-def]
coaching\tests\unit\services\test_llm_template_service.py:29: error: Function is missing a return type annotation  [no-untyped-def]
coaching\tests\unit\services\test_llm_template_service.py:33: error: Function is missing a type annotation  [no-untyped-def]
coaching\tests\unit\services\test_llm_template_service.py:41: error: Function is missing a return type annotation  [no-untyped-def]
coaching\tests\unit\services\test_llm_template_service.py:58: error: Function is missing a type annotation  [no-untyped-def]
coaching\tests\unit\services\test_llm_template_service.py:82: error: Function is missing a type annotation  [no-untyped-def]
coaching\tests\unit\services\test_llm_template_service.py:91: error: Function is missing a type annotation  [no-untyped-def]
coaching\tests\unit\services\test_llm_template_service.py:98: error: Argument 1 to "ClientError" has incompatible type "dict[str, dict[str, str]]"; expected "_ClientErrorResponseTypeDef"  [arg-type]
coaching\tests\unit\services\test_llm_template_service.py:105: error: Function is missing a type annotation  [no-untyped-def]
coaching\tests\unit\services\test_llm_template_service.py:124: error: Function is missing a type annotation  [no-untyped-def]
coaching\tests\unit\services\test_llm_template_service.py:145: error: Function is missing a type annotation  [no-untyped-def]
coaching\tests\unit\services\test_llm_template_service.py:162: error: Function is missing a type annotation  [no-untyped-def]
coaching\tests\unit\services\test_llm_template_service.py:179: error: Function is missing a type annotation  [no-untyped-def]
coaching\tests\unit\services\test_llm_template_service.py:192: error: Function is missing a type annotation  [no-untyped-def]
coaching\tests\unit\services\test_llm_template_service.py:209: error: Function is missing a type annotation  [no-untyped-def]
coaching\tests\unit\services\test_llm_configuration_service.py:18: error: Function is missing a return type annotation  [no-untyped-def]
coaching\tests\unit\services\test_llm_configuration_service.py:23: error: Function is missing a return type annotation  [no-untyped-def]
coaching\tests\unit\services\test_llm_configuration_service.py:28: error: Function is missing a type annotation  [no-untyped-def]
coaching\tests\unit\services\test_llm_configuration_service.py:36: error: Function is missing a return type annotation  [no-untyped-def]
coaching\tests\unit\services\test_llm_configuration_service.py:55: error: Function is missing a return type annotation  [no-untyped-def]
coaching\tests\unit\services\test_llm_configuration_service.py:75: error: Function is missing a type annotation  [no-untyped-def]
coaching\tests\unit\services\test_llm_configuration_service.py:91: error: Function is missing a type annotation  [no-untyped-def]
coaching\tests\unit\services\test_llm_configuration_service.py:118: error: Function is missing a type annotation  [no-untyped-def]
coaching\tests\unit\services\test_llm_configuration_service.py:139: error: Function is missing a type annotation  [no-untyped-def]
coaching\tests\unit\services\test_llm_configuration_service.py:152: error: Function is missing a type annotation  [no-untyped-def]
coaching\tests\unit\services\test_llm_configuration_service.py:173: error: Function is missing a type annotation  [no-untyped-def]
coaching\tests\unit\services\test_llm_configuration_service.py:205: error: Function is missing a type annotation  [no-untyped-def]
coaching\tests\unit\services\test_llm_configuration_service.py:218: error: Function is missing a type annotation  [no-untyped-def]
coaching\tests\unit\services\test_llm_configuration_service.py:234: error: Function is missing a type annotation  [no-untyped-def]
coaching\tests\unit\services\test_llm_configuration_service.py:243: error: Function is missing a type annotation  [no-untyped-def]
coaching\tests\unit\api\routes\test_coaching_routes_models.py:15: error: Function is missing a return type annotation  [no-untyped-def]
coaching\tests\unit\api\routes\test_coaching_routes_models.py:15: note: Use "-> None" if function does not return a value
coaching\tests\unit\api\routes\test_coaching_routes_models.py:21: error: Function is missing a return type annotation  [no-untyped-def]
coaching\tests\unit\api\routes\test_coaching_routes_models.py:21: note: Use "-> None" if function does not return a value
coaching\tests\unit\api\routes\test_coaching_routes_models.py:28: error: Function is missing a return type annotation  [no-untyped-def]
coaching\tests\unit\api\routes\test_coaching_routes_models.py:28: note: Use "-> None" if function does not return a value
coaching\tests\unit\api\routes\test_coaching_routes_models.py:34: error: Function is missing a return type annotation  [no-untyped-def]
coaching\tests\unit\api\routes\test_coaching_routes_models.py:34: note: Use "-> None" if function does not return a value
coaching\tests\unit\api\routes\test_coaching_routes_models.py:39: error: Function is missing a return type annotation  [no-untyped-def]
coaching\tests\unit\api\routes\test_coaching_routes_models.py:39: note: Use "-> None" if function does not return a value
coaching\tests\unit\application\analysis\test_operations_ai_service.py:16: error: Function is missing a return type annotation  [no-untyped-def]
coaching\tests\unit\application\analysis\test_operations_ai_service.py:29: error: Function is missing a type annotation  [no-untyped-def]
coaching\tests\unit\application\analysis\test_operations_ai_service.py:35: error: Function is missing a return type annotation  [no-untyped-def]
coaching\tests\unit\application\analysis\test_operations_ai_service.py:56: error: Function is missing a return type annotation  [no-untyped-def]
coaching\tests\unit\application\analysis\test_operations_ai_service.py:73: error: Function is missing a return type annotation  [no-untyped-def]
coaching\tests\unit\application\analysis\test_operations_ai_service.py:83: error: Function is missing a return type annotation  [no-untyped-def]
coaching\tests\unit\application\analysis\test_operations_ai_service.py:93: error: Function is missing a return type annotation  [no-untyped-def]
coaching\tests\unit\application\analysis\test_operations_ai_service.py:113: error: Function is missing a type annotation  [no-untyped-def]
coaching\tests\unit\application\analysis\test_operations_ai_service.py:168: error: Function is missing a type annotation  [no-untyped-def]
coaching\tests\unit\application\analysis\test_operations_ai_service.py:185: error: Function is missing a type annotation  [no-untyped-def]
coaching\tests\unit\application\analysis\test_operations_ai_service.py:202: error: Function is missing a type annotation  [no-untyped-def]
coaching\tests\unit\application\analysis\test_operations_ai_service.py:219: error: Function is missing a type annotation  [no-untyped-def]
coaching\tests\unit\application\analysis\test_operations_ai_service.py:245: error: Function is missing a type annotation  [no-untyped-def]
coaching\tests\unit\application\analysis\test_operations_ai_service.py:281: error: Function is missing a type annotation  [no-untyped-def]
coaching\tests\unit\application\analysis\test_operations_ai_service.py:332: error: Function is missing a type annotation  [no-untyped-def]
coaching\tests\unit\application\analysis\test_operations_ai_service.py:347: error: Function is missing a type annotation  [no-untyped-def]
coaching\tests\unit\application\analysis\test_operations_ai_service.py:377: error: Function is missing a type annotation  [no-untyped-def]
coaching\tests\unit\application\analysis\test_operations_ai_service.py:419: error: Function is missing a type annotation  [no-untyped-def]
coaching\tests\unit\application\analysis\test_operations_ai_service.py:476: error: Function is missing a type annotation  [no-untyped-def]
coaching\tests\unit\application\analysis\test_operations_ai_service.py:491: error: Function is missing a type annotation  [no-untyped-def]
coaching\tests\unit\application\analysis\test_operations_ai_service.py:508: error: Function is missing a type annotation  [no-untyped-def]
coaching\tests\unit\application\analysis\test_operations_ai_service.py:530: error: Function is missing a type annotation  [no-untyped-def]
coaching\tests\unit\application\analysis\test_operations_ai_service.py:564: error: Function is missing a type annotation  [no-untyped-def]
coaching\tests\unit\application\analysis\test_operations_ai_service.py:633: error: Function is missing a type annotation  [no-untyped-def]
coaching\tests\unit\application\analysis\test_operations_ai_service.py:647: error: Function is missing a type annotation  [no-untyped-def]
coaching\tests\unit\application\analysis\test_operations_ai_service.py:672: error: Function is missing a type annotation  [no-untyped-def]
coaching\tests\unit\application\analysis\test_operations_ai_service.py:709: error: Function is missing a type annotation  [no-untyped-def]
coaching\tests\unit\application\analysis\test_operations_ai_service.py:781: error: Function is missing a type annotation  [no-untyped-def]
coaching\tests\unit\application\analysis\test_operations_ai_service.py:796: error: Function is missing a type annotation  [no-untyped-def]
coaching\tests\unit\application\analysis\test_operations_ai_service.py:822: error: Function is missing a type annotation  [no-untyped-def]
coaching\tests\unit\application\analysis\test_strategy_suggestion_service.py:11: error: Function is missing a return type annotation  [no-untyped-def]
coaching\tests\unit\application\analysis\test_strategy_suggestion_service.py:15: error: Function is missing a type annotation  [no-untyped-def]
coaching\tests\unit\application\analysis\test_strategy_suggestion_service.py:18: error: Function is missing a type annotation  [no-untyped-def]
coaching\tests\unit\application\analysis\test_strategy_suggestion_service.py:22: error: Function is missing a type annotation  [no-untyped-def]
coaching\tests\unit\application\analysis\test_strategy_suggestion_service.py:53: error: Function is missing a type annotation  [no-untyped-def]
coaching\tests\unit\application\analysis\test_strategy_suggestion_service.py:65: error: Function is missing a type annotation  [no-untyped-def]
coaching\tests\unit\application\analysis\test_strategy_suggestion_service.py:92: error: Function is missing a type annotation  [no-untyped-def]
coaching\tests\unit\application\analysis\test_strategy_suggestion_service.py:116: error: Function is missing a type annotation  [no-untyped-def]
coaching\tests\unit\application\analysis\test_strategy_suggestion_service.py:123: error: Function is missing a type annotation  [no-untyped-def]
coaching\tests\unit\application\analysis\test_strategy_suggestion_service.py:135: error: Function is missing a type annotation  [no-untyped-def]
coaching\tests\unit\application\analysis\test_strategy_suggestion_service.py:151: error: Function is missing a type annotation  [no-untyped-def]
coaching\tests\unit\application\analysis\test_strategy_suggestion_service.py:158: error: Function is missing a type annotation  [no-untyped-def]
coaching\tests\unit\llm\providers\test_bedrock.py:9: error: Function is missing a return type annotation  [no-untyped-def]
coaching\tests\unit\llm\providers\test_bedrock.py:19: error: Function is missing a return type annotation  [no-untyped-def]
coaching\tests\unit\llm\providers\test_bedrock.py:25: error: Function is missing a return type annotation  [no-untyped-def]
coaching\tests\unit\llm\providers\test_bedrock.py:31: error: Function is missing a type annotation  [no-untyped-def]
coaching\tests\unit\llm\providers\test_bedrock.py:39: error: Function is missing a type annotation  [no-untyped-def]
coaching\tests\unit\llm\providers\test_bedrock.py:53: error: Function is missing a type annotation  [no-untyped-def]
coaching\tests\unit\llm\providers\test_bedrock.py:60: error: Function is missing a return type annotation  [no-untyped-def]
coaching\tests\unit\llm\providers\test_bedrock.py:64: error: Call to untyped function "async_generator" in typed context  [no-untyped-call]
coaching\tests\unit\llm\providers\test_bedrock.py:74: error: Function is missing a type annotation  [no-untyped-def]
coaching\tests\unit\llm\providers\test_bedrock.py:90: error: Function is missing a type annotation  [no-untyped-def]
coaching\tests\unit\llm\providers\test_bedrock.py:97: error: Function is missing a type annotation  [no-untyped-def]
coaching\tests\unit\llm\providers\test_bedrock.py:114: error: Function is missing a type annotation  [no-untyped-def]
coaching\tests\unit\llm\providers\test_bedrock.py:123: error: Function is missing a type annotation  [no-untyped-def]
coaching\tests\unit\workflows\test_refactored_workflows.py:39: error: Missing type parameters for generic type "dict"  [type-arg]
coaching\tests\unit\workflows\test_refactored_workflows.py:42: error: Missing type parameters for generic type "dict"  [type-arg]
coaching\tests\unit\workflows\test_refactored_workflows.py:56: error: Function is missing a return type annotation  [no-untyped-def]
coaching\tests\unit\workflows\test_refactored_workflows.py:82: error: Function is missing a return type annotation  [no-untyped-def]
coaching\tests\unit\workflows\test_refactored_workflows.py:99: error: Function is missing a type annotation  [no-untyped-def]
coaching\tests\unit\workflows\test_refactored_workflows.py:108: error: Function is missing a type annotation  [no-untyped-def]
coaching\tests\unit\workflows\test_refactored_workflows.py:111: error: Argument "workflow_type" to "WorkflowConfig" has incompatible type "str"; expected "WorkflowType"  [arg-type]
coaching\tests\unit\workflows\test_refactored_workflows.py:117: error: Function is missing a return type annotation  [no-untyped-def]
coaching\tests\unit\workflows\test_refactored_workflows.py:117: note: Use "-> None" if function does not return a value
coaching\tests\unit\workflows\test_refactored_workflows.py:131: error: Missing named argument "tenant_id" for "CoachingWorkflowInput"  [call-arg]
coaching\tests\unit\workflows\test_refactored_workflows.py:131: error: Missing named argument "topic" for "CoachingWorkflowInput"  [call-arg]
coaching\tests\unit\workflows\test_refactored_workflows.py:138: error: Function is missing a type annotation  [no-untyped-def]
coaching\tests\unit\workflows\test_refactored_workflows.py:161: error: Function is missing a type annotation  [no-untyped-def]
coaching\tests\unit\workflows\test_refactored_workflows.py:168: error: Argument "workflow_type" to "WorkflowState" has incompatible type "str"; expected "WorkflowType"  [arg-type]
coaching\tests\unit\workflows\test_refactored_workflows.py:178: error: Argument "workflow_type" to "WorkflowState" has incompatible type "str"; expected "WorkflowType"  [arg-type]
coaching\tests\unit\workflows\test_refactored_workflows.py:186: error: Function is missing a type annotation  [no-untyped-def]
coaching\tests\unit\workflows\test_refactored_workflows.py:222: error: Function is missing a return type annotation  [no-untyped-def]
coaching\tests\unit\workflows\test_refactored_workflows.py:225: error: Cannot assign to a method  [method-assign]
coaching\tests\unit\workflows\test_refactored_workflows.py:237: error: Function is missing a type annotation  [no-untyped-def]
coaching\tests\unit\workflows\test_refactored_workflows.py:242: error: Function is missing a type annotation  [no-untyped-def]
coaching\tests\unit\workflows\test_refactored_workflows.py:245: error: Argument "workflow_type" to "WorkflowConfig" has incompatible type "str"; expected "WorkflowType"  [arg-type]
coaching\tests\unit\workflows\test_refactored_workflows.py:251: error: Function is missing a return type annotation  [no-untyped-def]
coaching\tests\unit\workflows\test_refactored_workflows.py:251: note: Use "-> None" if function does not return a value
coaching\tests\unit\workflows\test_refactored_workflows.py:266: error: Missing named argument "tenant_id" for "AnalysisWorkflowInput"  [call-arg]
coaching\tests\unit\workflows\test_refactored_workflows.py:266: error: Missing named argument "analysis_type" for "AnalysisWorkflowInput"  [call-arg]
coaching\tests\unit\workflows\test_refactored_workflows.py:266: error: Missing named argument "text_to_analyze" for "AnalysisWorkflowInput"  [call-arg]
coaching\tests\unit\workflows\test_refactored_workflows.py:273: error: Function is missing a type annotation  [no-untyped-def]
coaching\tests\unit\workflows\test_refactored_workflows.py:295: error: Function is missing a type annotation  [no-untyped-def]
coaching\tests\unit\workflows\test_refactored_workflows.py:302: error: Argument "workflow_type" to "WorkflowState" has incompatible type "str"; expected "WorkflowType"  [arg-type]
coaching\tests\unit\workflows\test_refactored_workflows.py:315: error: Argument "workflow_type" to "WorkflowState" has incompatible type "str"; expected "WorkflowType"  [arg-type]
coaching\tests\unit\workflows\test_refactored_workflows.py:323: error: Function is missing a type annotation  [no-untyped-def]
coaching\tests\unit\workflows\test_refactored_workflows.py:351: error: Function is missing a return type annotation  [no-untyped-def]
coaching\tests\unit\workflows\test_refactored_workflows.py:351: note: Use "-> None" if function does not return a value
coaching\tests\unit\workflows\test_refactored_workflows.py:360: error: Function is missing a return type annotation  [no-untyped-def]
coaching\tests\unit\workflows\test_refactored_workflows.py:360: note: Use "-> None" if function does not return a value
coaching\tests\unit\workflows\test_refactored_workflows.py:368: error: Function is missing a return type annotation  [no-untyped-def]
coaching\tests\unit\workflows\test_refactored_workflows.py:368: note: Use "-> None" if function does not return a value
coaching\tests\unit\workflows\test_coaching_workflow_nodes.py:18: error: Function is missing a return type annotation  [no-untyped-def]
coaching\tests\unit\workflows\test_coaching_workflow_nodes.py:33: error: Function is missing a return type annotation  [no-untyped-def]
coaching\tests\unit\workflows\test_coaching_workflow_nodes.py:41: error: Function is missing a type annotation  [no-untyped-def]
coaching\tests\unit\workflows\test_coaching_workflow_nodes.py:47: error: Argument "workflow_type" to "WorkflowConfig" has incompatible type "str"; expected "WorkflowType"  [arg-type]
coaching\tests\unit\workflows\test_coaching_workflow_nodes.py:51: error: Function is missing a return type annotation  [no-untyped-def]
coaching\tests\unit\workflows\test_coaching_workflow_nodes.py:63: error: Function is missing a type annotation  [no-untyped-def]
coaching\tests\unit\workflows\test_coaching_workflow_nodes.py:70: error: Function is missing a type annotation  [no-untyped-def]
coaching\tests\unit\workflows\test_coaching_workflow_nodes.py:84: error: Function is missing a type annotation  [no-untyped-def]
coaching\tests\unit\workflows\test_coaching_workflow_nodes.py:102: error: Function is missing a type annotation  [no-untyped-def]
coaching\tests\unit\workflows\test_coaching_workflow_nodes.py:113: error: Function is missing a type annotation  [no-untyped-def]
coaching\tests\unit\workflows\test_coaching_workflow_nodes.py:118: error: Function is missing a type annotation  [no-untyped-def]
coaching\tests\unit\workflows\test_coaching_workflow_nodes.py:123: error: Function is missing a type annotation  [no-untyped-def]
coaching\tests\unit\workflows\test_coaching_workflow_nodes.py:128: error: Function is missing a type annotation  [no-untyped-def]
coaching\tests\unit\workflows\test_coaching_workflow_nodes.py:133: error: Function is missing a type annotation  [no-untyped-def]
coaching\tests\unit\workflows\test_coaching_workflow_nodes.py:144: error: Function is missing a type annotation  [no-untyped-def]
coaching\tests\test_langgraph_workflows.py:29: error: Function is missing a return type annotation  [no-untyped-def]
coaching\tests\test_langgraph_workflows.py:29: note: Use "-> None" if function does not return a value
coaching\tests\test_langgraph_workflows.py:32: error: Function is missing a type annotation  [no-untyped-def]
coaching\tests\test_langgraph_workflows.py:38: error: Function is missing a type annotation  [no-untyped-def]
coaching\tests\test_langgraph_workflows.py:54: error: Function is missing a return type annotation  [no-untyped-def]
coaching\tests\test_langgraph_workflows.py:54: note: Use "-> None" if function does not return a value
coaching\tests\test_langgraph_workflows.py:57: error: Function is missing a type annotation  [no-untyped-def]
coaching\tests\test_langgraph_workflows.py:61: error: Function is missing a type annotation  [no-untyped-def]
coaching\tests\test_langgraph_workflows.py:70: error: Function is missing a return type annotation  [no-untyped-def]
coaching\tests\test_langgraph_workflows.py:73: error: Call to untyped function "MockProvider" in typed context  [no-untyped-call]
coaching\tests\test_langgraph_workflows.py:78: error: Function is missing a return type annotation  [no-untyped-def]
coaching\tests\test_langgraph_workflows.py:80: error: Call to untyped function "MockCacheService" in typed context  [no-untyped-call]
coaching\tests\test_langgraph_workflows.py:83: error: Function is missing a type annotation  [no-untyped-def]
coaching\tests\test_langgraph_workflows.py:88: error: Function is missing a type annotation  [no-untyped-def]
coaching\tests\test_langgraph_workflows.py:101: error: Function is missing a type annotation  [no-untyped-def]
coaching\tests\test_langgraph_workflows.py:121: error: Function is missing a type annotation  [no-untyped-def]
coaching\tests\test_langgraph_workflows.py:135: error: Call to untyped function "MockProvider" in typed context  [no-untyped-call]
coaching\tests\test_langgraph_workflows.py:136: error: Incompatible types in assignment (expression has type "MockProvider", target has type "BaseProvider")  [assignment]
coaching\tests\test_langgraph_workflows.py:181: error: Function is missing a type annotation  [no-untyped-def]
coaching\tests\test_langgraph_workflows.py:193: error: Call to untyped function "MockProvider" in typed context  [no-untyped-call]
coaching\tests\test_langgraph_workflows.py:194: error: Incompatible types in assignment (expression has type "MockProvider", target has type "BaseProvider")  [assignment]
coaching\tests\test_langgraph_workflows.py:221: error: Function is missing a type annotation  [no-untyped-def]
coaching\tests\test_langgraph_workflows.py:250: error: Function is missing a type annotation  [no-untyped-def]
coaching\tests\test_langgraph_workflows.py:266: error: Function is missing a return type annotation  [no-untyped-def]
coaching\tests\test_langgraph_workflows.py:266: note: Use "-> None" if function does not return a value
coaching\tests\test_langgraph_workflows.py:287: error: Function is missing a type annotation  [no-untyped-def]
coaching\tests\test_langgraph_workflows.py:320: error: Function is missing a return type annotation  [no-untyped-def]
coaching\tests\test_langgraph_workflows.py:320: note: Use "-> None" if function does not return a value
coaching\tests\test_langgraph_workflows.py:358: error: Function is missing a return type annotation  [no-untyped-def]
coaching\tests\test_langgraph_workflows.py:358: note: Use "-> None" if function does not return a value
coaching\tests\test_langgraph_workflows.py:373: error: Function is missing a return type annotation  [no-untyped-def]
coaching\tests\test_langgraph_workflows.py:373: note: Use "-> None" if function does not return a value
coaching\tests\test_langgraph_workflows.py:409: error: Function is missing a return type annotation  [no-untyped-def]
coaching\tests\test_langgraph_workflows.py:409: note: Use "-> None" if function does not return a value
coaching\tests\test_langgraph_workflows.py:414: error: Call to untyped function "MockCacheService" in typed context  [no-untyped-call]
coaching\tests\test_langgraph_workflows.py:432: error: Call to untyped function "run_tests" in typed context  [no-untyped-call]
coaching\tests\unit\workflows\test_conversation_workflow_template.py:10: error: Function is missing a return type annotation  [no-untyped-def]
coaching\tests\unit\workflows\test_conversation_workflow_template.py:27: error: Function is missing a type annotation  [no-untyped-def]
coaching\tests\unit\workflows\test_conversation_workflow_template.py:35: error: Function is missing a return type annotation  [no-untyped-def]
coaching\tests\unit\workflows\test_conversation_workflow_template.py:36: error: Argument "workflow_type" to "WorkflowConfig" has incompatible type "str"; expected "WorkflowType"  [arg-type]
coaching\tests\unit\workflows\test_conversation_workflow_template.py:40: error: Function is missing a return type annotation  [no-untyped-def]
coaching\tests\unit\workflows\test_conversation_workflow_template.py:53: error: Function is missing a type annotation  [no-untyped-def]
coaching\tests\unit\workflows\test_conversation_workflow_template.py:64: error: Function is missing a type annotation  [no-untyped-def]
coaching\tests\unit\workflows\test_conversation_workflow_template.py:73: error: Function is missing a type annotation  [no-untyped-def]
coaching\tests\unit\workflows\test_conversation_workflow_template.py:87: error: Function is missing a type annotation  [no-untyped-def]
coaching\tests\unit\workflows\test_conversation_workflow_template.py:102: error: Function is missing a type annotation  [no-untyped-def]
coaching\tests\unit\workflows\test_conversation_workflow_template.py:114: error: Function is missing a type annotation  [no-untyped-def]
coaching\tests\unit\workflows\test_conversation_workflow_template.py:126: error: Function is missing a type annotation  [no-untyped-def]
coaching\tests\unit\workflows\test_conversation_workflow_template.py:143: error: Function is missing a type annotation  [no-untyped-def]
coaching\tests\unit\workflows\test_conversation_workflow_template.py:153: error: Function is missing a type annotation  [no-untyped-def]
coaching\tests\unit\workflows\test_conversation_workflow_template.py:163: error: Dict entry 0 has incompatible type "str": "list[str]"; expected "dict[str, str]": "list[str]"  [dict-item]
coaching\tests\unit\workflows\test_conversation_workflow_template.py:166: error: Function is missing a type annotation  [no-untyped-def]
coaching\tests\unit\workflows\test_analysis_workflow_template.py:10: error: Function is missing a return type annotation  [no-untyped-def]
coaching\tests\unit\workflows\test_analysis_workflow_template.py:18: error: Function is missing a type annotation  [no-untyped-def]
coaching\tests\unit\workflows\test_analysis_workflow_template.py:24: error: Function is missing a return type annotation  [no-untyped-def]
coaching\tests\unit\workflows\test_analysis_workflow_template.py:25: error: Argument "workflow_type" to "WorkflowConfig" has incompatible type "str"; expected "WorkflowType"  [arg-type]
coaching\tests\unit\workflows\test_analysis_workflow_template.py:29: error: Function is missing a return type annotation  [no-untyped-def]
coaching\tests\unit\workflows\test_analysis_workflow_template.py:46: error: Function is missing a type annotation  [no-untyped-def]
coaching\tests\unit\workflows\test_analysis_workflow_template.py:61: error: Function is missing a type annotation  [no-untyped-def]
coaching\tests\unit\workflows\test_analysis_workflow_template.py:69: error: Function is missing a type annotation  [no-untyped-def]
coaching\tests\unit\workflows\test_analysis_workflow_template.py:78: error: Function is missing a type annotation  [no-untyped-def]
coaching\tests\unit\workflows\test_analysis_workflow_template.py:91: error: Function is missing a type annotation  [no-untyped-def]
coaching\tests\unit\workflows\test_analysis_workflow_template.py:97: error: Function is missing a type annotation  [no-untyped-def]
coaching\tests\unit\workflows\test_analysis_workflow_template.py:111: error: Function is missing a type annotation  [no-untyped-def]
coaching\tests\unit\workflows\test_analysis_workflow_template.py:125: error: Function is missing a type annotation  [no-untyped-def]
coaching\tests\unit\workflows\test_analysis_workflow_template.py:134: error: Function is missing a type annotation  [no-untyped-def]
coaching\tests\unit\services\test_website_analysis_service.py:10: error: Function is missing a return type annotation  [no-untyped-def]
coaching\tests\unit\services\test_website_analysis_service.py:16: error: Function is missing a return type annotation  [no-untyped-def]
coaching\tests\unit\services\test_website_analysis_service.py:21: error: Function is missing a type annotation  [no-untyped-def]
coaching\tests\unit\services\test_website_analysis_service.py:27: error: Function is missing a type annotation  [no-untyped-def]
coaching\tests\unit\services\test_website_analysis_service.py:68: error: Function is missing a type annotation  [no-untyped-def]
coaching\tests\unit\services\test_website_analysis_service.py:95: error: Function is missing a type annotation  [no-untyped-def]
coaching\tests\unit\services\test_website_analysis_service.py:101: error: Function is missing a type annotation  [no-untyped-def]
coaching\tests\unit\services\test_website_analysis_service.py:111: error: Function is missing a type annotation  [no-untyped-def]
coaching\tests\unit\services\test_website_analysis_service.py:123: error: Function is missing a type annotation  [no-untyped-def]
coaching\tests\unit\services\test_website_analysis_service.py:136: error: Function is missing a type annotation  [no-untyped-def]
coaching\tests\unit\services\test_website_analysis_service.py:144: error: Function is missing a type annotation  [no-untyped-def]
coaching\tests\unit\services\test_website_analysis_service.py:169: error: Function is missing a type annotation  [no-untyped-def]
coaching\tests\unit\services\test_website_analysis_service.py:183: error: Function is missing a type annotation  [no-untyped-def]
coaching\tests\test_llm_service_refactoring.py:25: error: Function is missing a type annotation  [no-untyped-def]
coaching\tests\test_llm_service_refactoring.py:30: error: Function is missing a type annotation  [no-untyped-def]
coaching\tests\test_llm_service_refactoring.py:45: error: Function is missing a return type annotation  [no-untyped-def]
coaching\tests\test_llm_service_refactoring.py:45: note: Use "-> None" if function does not return a value
coaching\tests\test_llm_service_refactoring.py:47: error: Call to untyped function "MockProvider" in typed context  [no-untyped-call]
coaching\tests\test_llm_service_refactoring.py:48: error: Call to untyped function "MockProvider" in typed context  [no-untyped-call]
coaching\tests\test_llm_service_refactoring.py:49: error: Call to untyped function "MockProvider" in typed context  [no-untyped-call]
coaching\tests\test_llm_service_refactoring.py:53: error: Function is missing a return type annotation  [no-untyped-def]
coaching\tests\test_llm_service_refactoring.py:53: note: Use "-> None" if function does not return a value
coaching\tests\test_llm_service_refactoring.py:61: error: Function is missing a return type annotation  [no-untyped-def]
coaching\tests\test_llm_service_refactoring.py:67: error: Function is missing a return type annotation  [no-untyped-def]
coaching\tests\test_llm_service_refactoring.py:76: error: Function is missing a type annotation  [no-untyped-def]
coaching\tests\test_llm_service_refactoring.py:80: error: Function is missing a type annotation  [no-untyped-def]
coaching\tests\test_llm_service_refactoring.py:117: error: Function is missing a return type annotation  [no-untyped-def]
coaching\tests\test_llm_service_refactoring.py:129: error: Function is missing a return type annotation  [no-untyped-def]
coaching\tests\test_llm_service_refactoring.py:143: error: Function is missing a return type annotation  [no-untyped-def]
coaching\tests\test_llm_service_refactoring.py:145: error: Call to untyped function "MockProviderManager" in typed context  [no-untyped-call]
coaching\tests\test_llm_service_refactoring.py:148: error: Function is missing a type annotation  [no-untyped-def]
coaching\tests\test_llm_service_refactoring.py:150: error: Call to untyped function "MockWorkflowOrchestrator" in typed context  [no-untyped-call]
coaching\tests\test_llm_service_refactoring.py:153: error: Function is missing a type annotation  [no-untyped-def]
coaching\tests\test_llm_service_refactoring.py:164: error: Function is missing a type annotation  [no-untyped-def]
coaching\tests\test_llm_service_refactoring.py:171: error: Function is missing a type annotation  [no-untyped-def]
coaching\tests\test_llm_service_refactoring.py:192: error: Function is missing a type annotation  [no-untyped-def]
coaching\tests\test_llm_service_refactoring.py:214: error: Function is missing a type annotation  [no-untyped-def]
coaching\tests\test_llm_service_refactoring.py:238: error: Function is missing a type annotation  [no-untyped-def]
coaching\tests\test_llm_service_refactoring.py:252: error: Function is missing a type annotation  [no-untyped-def]
coaching\tests\test_llm_service_refactoring.py:266: error: Function is missing a return type annotation  [no-untyped-def]
coaching\tests\test_llm_service_refactoring.py:268: error: Call to untyped function "MockProviderManager" in typed context  [no-untyped-call]
coaching\tests\test_llm_service_refactoring.py:271: error: Function is missing a return type annotation  [no-untyped-def]
coaching\tests\test_llm_service_refactoring.py:273: error: Call to untyped function "MockWorkflowOrchestrator" in typed context  [no-untyped-call]
coaching\tests\test_llm_service_refactoring.py:276: error: Function is missing a return type annotation  [no-untyped-def]
coaching\tests\test_llm_service_refactoring.py:281: error: Function is missing a type annotation  [no-untyped-def]
coaching\tests\test_llm_service_refactoring.py:297: error: Function is missing a type annotation  [no-untyped-def]
coaching\tests\test_llm_service_refactoring.py:304: error: Function is missing a type annotation  [no-untyped-def]
coaching\tests\test_llm_service_refactoring.py:309: error: Need type annotation for "conversation_history" (hint: "conversation_history: list[<type>] = ...")  [var-annotated]
coaching\tests\test_llm_service_refactoring.py:326: error: Function is missing a type annotation  [no-untyped-def]
coaching\tests\test_llm_service_refactoring.py:332: error: Need type annotation for "conversation_history" (hint: "conversation_history: list[<type>] = ...")  [var-annotated]
coaching\tests\test_llm_service_refactoring.py:348: error: Function is missing a type annotation  [no-untyped-def]
coaching\tests\test_llm_service_refactoring.py:367: error: Function is missing a type annotation  [no-untyped-def]
coaching\tests\test_llm_service_refactoring.py:375: error: Function is missing a type annotation  [no-untyped-def]
coaching\tests\test_llm_service_refactoring.py:387: error: Function is missing a return type annotation  [no-untyped-def]
coaching\tests\test_llm_service_refactoring.py:389: error: Call to untyped function "MockProviderManager" in typed context  [no-untyped-call]
coaching\tests\test_llm_service_refactoring.py:390: error: Call to untyped function "initialize" in typed context  [no-untyped-call]
coaching\tests\test_llm_service_refactoring.py:391: error: Call to untyped function "MockWorkflowOrchestrator" in typed context  [no-untyped-call]
coaching\tests\test_llm_service_refactoring.py:395: error: Argument "provider_manager" to "LLMService" has incompatible type "MockProviderManager"; expected "ProviderManager"  [arg-type]
coaching\tests\test_llm_service_refactoring.py:396: error: Argument "workflow_orchestrator" to "LLMService" has incompatible type "MockWorkflowOrchestrator"; expected "WorkflowOrchestrator"  [arg-type]
coaching\tests\test_llm_service_refactoring.py:397: error: Argument "prompt_service" to "LLMService" has incompatible type "MockPromptService"; expected "PromptService"  [arg-type]
coaching\tests\test_llm_service_refactoring.py:403: error: Function is missing a type annotation  [no-untyped-def]
coaching\tests\test_llm_service_refactoring.py:409: error: Function is missing a type annotation  [no-untyped-def]
coaching\tests\test_llm_service_refactoring.py:420: error: Function is missing a return type annotation  [no-untyped-def]
coaching\tests\test_llm_service_refactoring.py:420: note: Use "-> None" if function does not return a value
coaching\tests\test_llm_service_refactoring.py:425: error: Call to untyped function "MockProviderManager" in typed context  [no-untyped-call]
coaching\tests\test_llm_service_refactoring.py:426: error: Call to untyped function "initialize" in typed context  [no-untyped-call]
coaching\tests\test_llm_service_refactoring.py:427: error: Call to untyped function "MockWorkflowOrchestrator" in typed context  [no-untyped-call]
coaching\tests\test_llm_service_refactoring.py:430: error: Argument "provider_manager" to "LLMServiceAdapter" has incompatible type "MockProviderManager"; expected "ProviderManager"  [arg-type]
coaching\tests\test_llm_service_refactoring.py:431: error: Argument "workflow_orchestrator" to "LLMServiceAdapter" has incompatible type "MockWorkflowOrchestrator"; expected "WorkflowOrchestrator"  [arg-type]
coaching\tests\test_llm_service_refactoring.py:449: error: Call to untyped function "run_basic_tests" in typed context  [no-untyped-call]
coaching\tests\unit\test_insights_service.py:9: error: Module "coaching.src.services.insights_service" does not explicitly export attribute "BusinessDataContext"  [attr-defined]
coaching\tests\unit\test_insights_service.py:16: error: Function is missing a return type annotation  [no-untyped-def]
coaching\tests\unit\test_insights_service.py:21: error: Function is missing a return type annotation  [no-untyped-def]
coaching\tests\unit\test_insights_service.py:38: error: Function is missing a return type annotation  [no-untyped-def]
coaching\tests\unit\test_insights_service.py:45: error: Function is missing a type annotation  [no-untyped-def]
coaching\tests\unit\test_insights_service.py:56: error: Function is missing a type annotation  [no-untyped-def]
coaching\tests\unit\test_insights_service.py:89: error: Function is missing a type annotation  [no-untyped-def]
coaching\tests\unit\test_insights_service.py:107: error: Function is missing a type annotation  [no-untyped-def]
coaching\tests\unit\test_insights_service.py:122: error: Function is missing a type annotation  [no-untyped-def]
coaching\tests\unit\test_insights_service.py:158: error: Function is missing a type annotation  [no-untyped-def]
coaching\tests\unit\test_insights_service.py:173: error: Function is missing a type annotation  [no-untyped-def]
coaching\tests\unit\test_insights_service.py:195: error: Function is missing a type annotation  [no-untyped-def]
coaching\tests\unit\test_insights_service.py:218: error: Function is missing a type annotation  [no-untyped-def]
coaching\tests\unit\test_insights_service.py:254: error: Function is missing a type annotation  [no-untyped-def]
coaching\tests\unit\services\test_llm_service.py:11: error: Function is missing a return type annotation  [no-untyped-def]
coaching\tests\unit\services\test_llm_service.py:16: error: Function is missing a return type annotation  [no-untyped-def]
coaching\tests\unit\services\test_llm_service.py:23: error: Function is missing a return type annotation  [no-untyped-def]
coaching\tests\unit\services\test_llm_service.py:30: error: Function is missing a return type annotation  [no-untyped-def]
coaching\tests\unit\services\test_llm_service.py:37: error: Function is missing a return type annotation  [no-untyped-def]
coaching\tests\unit\services\test_llm_service.py:44: error: Function is missing a return type annotation  [no-untyped-def]
coaching\tests\unit\services\test_llm_service.py:52: error: Function is missing a type annotation  [no-untyped-def]
coaching\tests\unit\services\test_llm_service.py:78: error: Function is missing a type annotation  [no-untyped-def]
coaching\tests\unit\services\test_llm_service.py:92: error: Function is missing a type annotation  [no-untyped-def]
coaching\tests\unit\services\test_llm_service.py:113: error: Function is missing a type annotation  [no-untyped-def]
coaching\tests\unit\services\test_llm_service.py:125: error: Function is missing a type annotation  [no-untyped-def]
coaching\tests\unit\services\test_llm_service.py:136: error: Function is missing a type annotation  [no-untyped-def]
coaching\tests\unit\services\test_llm_service.py:146: error: Function is missing a type annotation  [no-untyped-def]
coaching\tests\unit\services\test_llm_service.py:193: error: Function is missing a type annotation  [no-untyped-def]
coaching\tests\unit\services\test_llm_service.py:229: error: Function is missing a type annotation  [no-untyped-def]
coaching\tests\unit\services\test_llm_service.py:245: error: Function is missing a type annotation  [no-untyped-def]
coaching\tests\unit\services\test_llm_service.py:257: error: Function is missing a type annotation  [no-untyped-def]
coaching\tests\unit\test_onboarding_service.py:14: error: Function is missing a return type annotation  [no-untyped-def]
coaching\tests\unit\test_onboarding_service.py:23: error: Function is missing a type annotation  [no-untyped-def]
coaching\tests\unit\test_onboarding_service.py:27: error: Function is missing a type annotation  [no-untyped-def]
coaching\tests\unit\test_onboarding_service.py:50: error: Function is missing a type annotation  [no-untyped-def]
coaching\tests\unit\test_onboarding_service.py:68: error: Function is missing a type annotation  [no-untyped-def]
coaching\tests\unit\test_onboarding_service.py:91: error: Function is missing a type annotation  [no-untyped-def]
coaching\tests\unit\test_onboarding_service.py:125: error: Function is missing a type annotation  [no-untyped-def]
coaching\tests\unit\test_onboarding_service.py:142: error: Function is missing a type annotation  [no-untyped-def]
coaching\tests\unit\test_onboarding_service.py:155: error: Function is missing a type annotation  [no-untyped-def]
coaching\tests\unit\test_onboarding_service.py:174: error: Function is missing a return type annotation  [no-untyped-def]
coaching\tests\unit\test_onboarding_service.py:180: error: Function is missing a type annotation  [no-untyped-def]
coaching\tests\unit\test_onboarding_service.py:193: error: Function is missing a type annotation  [no-untyped-def]
coaching\tests\unit\services\test_multitenant_conversation_service.py:6: error: Module "coaching.src.models.conversation" does not explicitly export attribute "Message"  [attr-defined]
coaching\tests\unit\services\test_multitenant_conversation_service.py:21: error: Function is missing a return type annotation  [no-untyped-def]
coaching\tests\unit\services\test_multitenant_conversation_service.py:22: error: Unexpected keyword argument "request_id" for "RequestContext"  [call-arg]
shared\models\multitenant.py: note: "RequestContext" defined here
coaching\tests\unit\services\test_multitenant_conversation_service.py:22: error: Unexpected keyword argument "correlation_id" for "RequestContext"  [call-arg]
coaching\tests\unit\services\test_multitenant_conversation_service.py:27: error: Argument "role" to "RequestContext" has incompatible type "str"; expected "UserRole"  [arg-type]
coaching\tests\unit\services\test_multitenant_conversation_service.py:31: error: Function is missing a return type annotation  [no-untyped-def]
coaching\tests\unit\services\test_multitenant_conversation_service.py:43: error: Function is missing a type annotation  [no-untyped-def]
coaching\tests\unit\services\test_multitenant_conversation_service.py:69: error: Function is missing a type annotation  [no-untyped-def]
coaching\tests\unit\services\test_multitenant_conversation_service.py:103: error: Argument "role" to "Message" has incompatible type "str"; expected "MessageRole"  [arg-type]
coaching\tests\unit\services\test_multitenant_conversation_service.py:119: error: Function is missing a type annotation  [no-untyped-def]
coaching\tests\unit\services\test_multitenant_conversation_service.py:168: error: Function is missing a type annotation  [no-untyped-def]
coaching\tests\unit\services\test_multitenant_conversation_service.py:173: error: Argument "role" to "Message" has incompatible type "str"; expected "MessageRole"  [arg-type]
coaching\tests\unit\services\test_multitenant_conversation_service.py:193: error: Function is missing a type annotation  [no-untyped-def]
coaching\tests\unit\services\test_multitenant_conversation_service.py:216: error: Function is missing a type annotation  [no-untyped-def]
coaching\tests\unit\services\test_multitenant_conversation_service.py:254: error: Function is missing a type annotation  [no-untyped-def]
coaching\tests\unit\services\test_multitenant_conversation_service.py:280: error: Function is missing a type annotation  [no-untyped-def]
coaching\tests\unit\services\test_conversation_service.py:16: error: Function is missing a return type annotation  [no-untyped-def]
coaching\tests\unit\services\test_conversation_service.py:20: error: Function is missing a return type annotation  [no-untyped-def]
coaching\tests\unit\services\test_conversation_service.py:24: error: Function is missing a return type annotation  [no-untyped-def]
coaching\tests\unit\services\test_conversation_service.py:28: error: Function is missing a return type annotation  [no-untyped-def]
coaching\tests\unit\services\test_conversation_service.py:32: error: Function is missing a type annotation  [no-untyped-def]
coaching\tests\unit\services\test_conversation_service.py:41: error: Function is missing a return type annotation  [no-untyped-def]
coaching\tests\unit\services\test_conversation_service.py:50: error: Argument "context" to "Conversation" has incompatible type "dict[str, str]"; expected "ConversationContext"  [arg-type]
coaching\tests\unit\services\test_conversation_service.py:54: error: Function is missing a type annotation  [no-untyped-def]
coaching\tests\unit\services\test_conversation_service.py:90: error: Function is missing a type annotation  [no-untyped-def]
coaching\tests\unit\services\test_conversation_service.py:121: error: Function is missing a type annotation  [no-untyped-def]
coaching\tests\unit\services\test_conversation_service.py:130: error: Function is missing a type annotation  [no-untyped-def]
coaching\tests\unit\services\test_conversation_service.py:142: error: Function is missing a type annotation  [no-untyped-def]
coaching\tests\unit\services\test_conversation_service.py:157: error: Function is missing a type annotation  [no-untyped-def]
coaching\tests\unit\services\test_conversation_service.py:176: error: Function is missing a type annotation  [no-untyped-def]
coaching\tests\unit\services\test_conversation_service.py:188: error: Function is missing a type annotation  [no-untyped-def]
coaching\tests\unit\services\test_conversation_service.py:196: error: Function is missing a type annotation  [no-untyped-def]
coaching\tests\unit\api\test_topics_api.py:24: error: Unused "type: ignore" comment  [unused-ignore]
coaching\tests\unit\api\test_topics_api.py:28: error: Unused "type: ignore" comment  [unused-ignore]
coaching\tests\unit\api\test_topics_api.py:110: error: Unused "type: ignore" comment  [unused-ignore]
coaching\tests\unit\api\test_conversations_api.py:92: error: Unused "type: ignore" comment  [unused-ignore]
coaching\tests\unit\api\test_conversations_api.py:120: error: Unused "type: ignore" comment  [unused-ignore]
coaching\tests\unit\api\routes\admin\test_prompts.py:21: error: Function is missing a return type annotation  [no-untyped-def]
coaching\tests\unit\api\routes\admin\test_prompts.py:26: error: Function is missing a return type annotation  [no-untyped-def]
coaching\tests\unit\api\routes\admin\test_prompts.py:31: error: Function is missing a type annotation  [no-untyped-def]
coaching\tests\unit\api\routes\admin\test_prompts.py:45: error: Function is missing a return type annotation  [no-untyped-def]
coaching\tests\unit\api\routes\admin\test_prompts.py:64: error: Function is missing a type annotation  [no-untyped-def]
coaching\tests\unit\api\routes\admin\test_prompts.py:76: error: Function is missing a type annotation  [no-untyped-def]
coaching\tests\unit\api\routes\admin\test_prompts.py:86: error: Function is missing a type annotation  [no-untyped-def]
coaching\tests\unit\api\routes\admin\test_prompts.py:96: error: Function is missing a type annotation  [no-untyped-def]
coaching\tests\unit\api\routes\admin\test_prompts.py:125: error: Function is missing a type annotation  [no-untyped-def]
coaching\tests\unit\api\routes\admin\test_prompts.py:146: error: Function is missing a type annotation  [no-untyped-def]
coaching\tests\unit\api\routes\admin\test_prompts.py:155: error: Function is missing a type annotation  [no-untyped-def]
coaching\tests\unit\api\routes\admin\test_prompts.py:164: error: Function is missing a type annotation  [no-untyped-def]
coaching\tests\unit\api\routes\admin\test_prompts.py:176: error: Function is missing a type annotation  [no-untyped-def]
coaching\tests\test_business_data_api.py:38: error: Function is missing a return type annotation  [no-untyped-def]
coaching\tests\test_business_data_api.py:51: error: Function is missing a type annotation  [no-untyped-def]
coaching\tests\test_business_data_api.py:84: error: Function is missing a type annotation  [no-untyped-def]
coaching\tests\test_business_data_api.py:101: error: Function is missing a type annotation  [no-untyped-def]
coaching\tests\test_business_data_api.py:117: error: Function is missing a type annotation  [no-untyped-def]
coaching\tests\test_business_data_api.py:143: error: Function is missing a type annotation  [no-untyped-def]
coaching\tests\integration\api\test_conversations.py:20: error: Function is missing a return type annotation  [no-untyped-def]
coaching\tests\integration\api\test_conversations.py:39: error: Function is missing a type annotation  [no-untyped-def]
coaching\tests\integration\api\test_conversations.py:52: error: Function is missing a type annotation  [no-untyped-def]
coaching\tests\integration\api\test_conversations.py:69: error: Function is missing a type annotation  [no-untyped-def]
coaching\tests\integration\api\test_conversations.py:84: error: Function is missing a type annotation  [no-untyped-def]
coaching\tests\integration\api\test_conversations.py:105: error: Function is missing a type annotation  [no-untyped-def]
coaching\tests\integration\api\test_conversations.py:121: error: Function is missing a type annotation  [no-untyped-def]
coaching\tests\integration\api\test_conversations.py:138: error: Function is missing a type annotation  [no-untyped-def]
coaching\tests\integration\api\test_conversations.py:157: error: Function is missing a type annotation  [no-untyped-def]
coaching\tests\integration\api\test_conversations.py:188: error: Function is missing a type annotation  [no-untyped-def]
coaching\tests\integration\api\test_conversations.py:203: error: Function is missing a type annotation  [no-untyped-def]
coaching\tests\integration\api\test_conversations.py:231: error: Function is missing a type annotation  [no-untyped-def]
coaching\tests\integration\api\test_conversations.py:246: error: Function is missing a type annotation  [no-untyped-def]
coaching\tests\integration\api\test_conversations.py:264: error: Function is missing a type annotation  [no-untyped-def]
coaching\tests\integration\api\test_conversations.py:276: error: Function is missing a type annotation  [no-untyped-def]
coaching\tests\integration\api\test_analysis.py:24: error: Function is missing a return type annotation  [no-untyped-def]
coaching\tests\integration\api\test_analysis.py:32: error: Function is missing a type annotation  [no-untyped-def]
coaching\tests\integration\api\test_analysis.py:46: error: Function is missing a type annotation  [no-untyped-def]
coaching\tests\integration\api\test_analysis.py:52: error: Argument "scores" to "AlignmentAnalysisResponse" has incompatible type "dict[str, float]"; expected "AlignmentScore"  [arg-type]
coaching\tests\integration\api\test_analysis.py:96: error: Function is missing a type annotation  [no-untyped-def]
coaching\tests\integration\api\test_analysis.py:108: error: Function is missing a type annotation  [no-untyped-def]
coaching\tests\integration\api\test_analysis.py:125: error: Function is missing a type annotation  [no-untyped-def]
coaching\tests\integration\api\test_analysis.py:128: error: Unexpected keyword argument "threats" for "StrategyAnalysisResponse"  [call-arg]
coaching\tests\integration\api\test_analysis.py:138: error: List item 0 has incompatible type "dict[str, str]"; expected "StrategyRecommendation"  [list-item]
coaching\src\api\models\analysis.py: note: "StrategyAnalysisResponse" defined here
coaching\tests\integration\api\test_analysis.py:176: error: Function is missing a type annotation  [no-untyped-def]
coaching\tests\integration\api\test_analysis.py:193: error: List item 0 has incompatible type "dict[str, str]"; expected "KPIRecommendation"  [list-item]
coaching\tests\integration\api\test_analysis.py:225: error: Function is missing a type annotation  [no-untyped-def]
coaching\tests\integration\api\test_analysis.py:242: error: Function is missing a type annotation  [no-untyped-def]
coaching\tests\integration\api\test_analysis.py:278: error: Function is missing a type annotation  [no-untyped-def]
coaching\tests\integration\api\test_analysis.py:310: error: Function is missing a type annotation  [no-untyped-def]
coaching\tests\integration\api\test_analysis.py:341: error: Function is missing a type annotation  [no-untyped-def]
coaching\tests\integration\api\test_analysis.py:359: error: Function is missing a type annotation  [no-untyped-def]
Found 887 errors in 64 files (checked 295 source files)
