src\domain\services\phase_transition_service.py:167: error: Returning Any from function declared to return "float"  [no-any-return]
src\domain\exceptions\topic_exceptions.py:12: error: Class cannot subclass "DomainError" (has type "Any")  [misc]
src\domain\exceptions\topic_exceptions.py:33: error: Class cannot subclass "DomainError" (has type "Any")  [misc]
src\domain\exceptions\topic_exceptions.py:54: error: Class cannot subclass "DomainError" (has type "Any")  [misc]
src\domain\exceptions\topic_exceptions.py:77: error: Class cannot subclass "DomainError" (has type "Any")  [misc]
src\domain\exceptions\topic_exceptions.py:99: error: Class cannot subclass "DomainError" (has type "Any")  [misc]
src\domain\exceptions\topic_exceptions.py:126: error: Class cannot subclass "DomainError" (has type "Any")  [misc]
src\domain\exceptions\topic_exceptions.py:148: error: Class cannot subclass "DomainError" (has type "Any")  [misc]
src\domain\exceptions\topic_exceptions.py:177: error: Class cannot subclass "DomainError" (has type "Any")  [misc]
src\domain\exceptions\conversation_exceptions.py:13: error: Class cannot subclass "DomainException" (has type "Any")  [misc]
src\domain\exceptions\conversation_exceptions.py:39: error: Class cannot subclass "DomainException" (has type "Any")  [misc]
src\domain\exceptions\conversation_exceptions.py:79: error: Class cannot subclass "DomainException" (has type "Any")  [misc]
src\domain\exceptions\conversation_exceptions.py:108: error: Class cannot subclass "DomainException" (has type "Any")  [misc]
src\domain\exceptions\conversation_exceptions.py:137: error: Class cannot subclass "DomainException" (has type "Any")  [misc]
src\domain\exceptions\conversation_exceptions.py:162: error: Class cannot subclass "DomainException" (has type "Any")  [misc]
src\domain\exceptions\analysis_exceptions.py:13: error: Class cannot subclass "DomainException" (has type "Any")  [misc]
src\domain\exceptions\analysis_exceptions.py:48: error: Class cannot subclass "DomainException" (has type "Any")  [misc]
src\domain\exceptions\analysis_exceptions.py:90: error: Class cannot subclass "DomainException" (has type "Any")  [misc]
src\domain\exceptions\analysis_exceptions.py:116: error: Class cannot subclass "DomainException" (has type "Any")  [misc]
src\domain\exceptions\analysis_exceptions.py:142: error: Class cannot subclass "DomainException" (has type "Any")  [misc]
src\domain\exceptions\analysis_exceptions.py:178: error: Class cannot subclass "DomainException" (has type "Any")  [misc]
src\services\llm_configuration_service.py:214: error: Returning Any from function declared to return "list[Any]"  [no-any-return]
src\llm\workflow_orchestrator.py:51: error: Class cannot subclass "WorkflowOrchestrator" (has type "Any")  [misc]
src\application\prompt\prompt_service.py:109: error: Returning Any from function declared to return "list[str]"  [no-any-return]
src\application\prompt\prompt_service.py:130: error: Returning Any from function declared to return "bool"  [no-any-return]
src\application\prompt\prompt_service.py:225: error: Returning Any from function declared to return "bool"  [no-any-return]
src\application\llm\llm_service.py:237: error: Returning Any from function declared to return "int"  [no-any-return]
src\application\llm\llm_service.py:255: error: Returning Any from function declared to return "bool"  [no-any-return]
src\application\llm\llm_service.py:266: error: Returning Any from function declared to return "list[str]"  [no-any-return]
src\application\llm\llm_service.py:277: error: Returning Any from function declared to return "str"  [no-any-return]
src\application\llm\llm_service.py:291: error: Returning Any from function declared to return "str"  [no-any-return]
src\application\enrichment\business_context_enricher.py:15: error: Class cannot subclass "BaseEnrichmentService" (has type "Any")  [misc]
src\application\conversation\conversation_service.py:239: error: Returning Any from function declared to return "list[Any]"  [no-any-return]
src\application\conversation\conversation_service.py:358: error: Returning Any from function declared to return "bool"  [no-any-return]
src\application\analysis\strategy_suggestion_service.py:17: error: Class cannot subclass "BaseAnalysisService" (has type "Any")  [misc]
src\application\analysis\strategy_service.py:16: error: Class cannot subclass "BaseAnalysisService" (has type "Any")  [misc]
src\application\analysis\kpi_service.py:16: error: Class cannot subclass "BaseAnalysisService" (has type "Any")  [misc]
src\application\analysis\alignment_service.py:17: error: Class cannot subclass "BaseAnalysisService" (has type "Any")  [misc]
src\models\enhanced_responses.py:58: error: Class cannot subclass "BaseResponseModel" (has type "Any")  [misc]
src\models\enhanced_responses.py:68: error: Class cannot subclass "BaseResponseModel" (has type "Any")  [misc]
src\models\enhanced_responses.py:80: error: Class cannot subclass "BaseResponseModel" (has type "Any")  [misc]
src\models\enhanced_responses.py:92: error: Class cannot subclass "BaseResponseModel" (has type "Any")  [misc]
src\models\enhanced_responses.py:103: error: Class cannot subclass "BaseResponseModel" (has type "Any")  [misc]
src\models\enhanced_responses.py:118: error: Class cannot subclass "BaseResponseModel" (has type "Any")  [misc]
src\models\enhanced_responses.py:128: error: Class cannot subclass "BaseResponseModel" (has type "Any")  [misc]
src\models\enhanced_responses.py:138: error: Class cannot subclass "BaseResponseModel" (has type "Any")  [misc]
src\models\enhanced_responses.py:149: error: Class cannot subclass "BaseResponseModel" (has type "Any")  [misc]
src\models\enhanced_responses.py:164: error: Class cannot subclass "BaseResponseModel" (has type "Any")  [misc]
src\models\conversation.py:110: error: Returning Any from function declared to return "bool"  [no-any-return]
src\domain\value_objects\message.py:95: error: Returning Any from function declared to return "bool"  [no-any-return]
src\domain\value_objects\message.py:104: error: Returning Any from function declared to return "bool"  [no-any-return]
src\domain\value_objects\message.py:113: error: Returning Any from function declared to return "bool"  [no-any-return]
src\domain\value_objects\conversation_context.py:97: error: Returning Any from function declared to return "bool"  [no-any-return]
src\domain\value_objects\conversation_context.py:101: error: Returning Any from function declared to return "bool"  [no-any-return]
src\domain\value_objects\conversation_context.py:105: error: Returning Any from function declared to return "bool"  [no-any-return]
src\domain\value_objects\conversation_context.py:109: error: Returning Any from function declared to return "bool"  [no-any-return]
src\domain\value_objects\conversation_context.py:113: error: Returning Any from function declared to return "bool"  [no-any-return]
src\domain\value_objects\conversation_context.py:117: error: Returning Any from function declared to return "bool"  [no-any-return]
src\domain\value_objects\conversation_context.py:121: error: Returning Any from function declared to return "bool"  [no-any-return]
src\domain\events\conversation_events.py:12: error: Class cannot subclass "DomainEvent" (has type "Any")  [misc]
src\domain\events\conversation_events.py:34: error: Class cannot subclass "DomainEvent" (has type "Any")  [misc]
src\domain\events\conversation_events.py:56: error: Class cannot subclass "DomainEvent" (has type "Any")  [misc]
src\domain\events\conversation_events.py:78: error: Class cannot subclass "DomainEvent" (has type "Any")  [misc]
src\domain\events\conversation_events.py:102: error: Class cannot subclass "DomainEvent" (has type "Any")  [misc]
src\domain\events\conversation_events.py:124: error: Class cannot subclass "DomainEvent" (has type "Any")  [misc]
src\domain\events\analysis_events.py:12: error: Class cannot subclass "DomainEvent" (has type "Any")  [misc]
src\domain\events\analysis_events.py:36: error: Class cannot subclass "DomainEvent" (has type "Any")  [misc]
src\domain\events\analysis_events.py:64: error: Class cannot subclass "DomainEvent" (has type "Any")  [misc]
src\domain\entities\conversation.py:235: error: Returning Any from function declared to return "bool"  [no-any-return]
src\domain\entities\conversation.py:239: error: Returning Any from function declared to return "bool"  [no-any-return]
src\domain\entities\conversation.py:243: error: Returning Any from function declared to return "bool"  [no-any-return]
src\domain\entities\conversation.py:262: error: Returning Any from function declared to return "float"  [no-any-return]
src\domain\entities\analysis_request.py:50: error: Returning Any from function declared to return "bool"  [no-any-return]
src\domain\entities\analysis_request.py:54: error: Returning Any from function declared to return "bool"  [no-any-return]
src\domain\entities\analysis_request.py:58: error: Returning Any from function declared to return "bool"  [no-any-return]
src\domain\entities\llm_config\template_metadata.py:73: error: Returning Any from function declared to return "dict[str, list[str]]"  [no-any-return]
src\application\ai_engine\unified_ai_engine.py:214: error: Returning Any from function declared to return "BaseModel"  [no-any-return]
src\application\ai_engine\unified_ai_engine.py:296: error: Returning Any from function declared to return "str"  [no-any-return]
src\application\ai_engine\unified_ai_engine.py:532: error: Returning Any from function declared to return "dict[str, Any]"  [no-any-return]
src\services\llm_service.py:163: error: Returning Any from function declared to return "str | None"  [no-any-return]
src\api\handlers\generic_ai_handler.py:138: error: Returning Any from function declared to return "BaseModel"  [no-any-return]
src\api\handlers\generic_ai_handler.py:213: error: Returning Any from function declared to return "str"  [no-any-return]
src\api\handlers\generic_ai_handler.py:315: error: Returning Any from function declared to return "dict[str, Any]"  [no-any-return]
src\repositories\conversation_repository.py:48: error: Variable "pp_ai.coaching.src.repositories.conversation_repository.ProgressMarkersDict" is not valid as a type  [valid-type]
src\repositories\conversation_repository.py:48: note: See https://mypy.readthedocs.io/en/stable/common_issues.html#variables-vs-type-aliases
src\repositories\conversation_repository.py:54: error: Variable "pp_ai.coaching.src.repositories.conversation_repository.BusinessContextDict" is not valid as a type  [valid-type]
src\repositories\conversation_repository.py:54: note: See https://mypy.readthedocs.io/en/stable/common_issues.html#variables-vs-type-aliases
src\repositories\conversation_repository.py:55: error: Variable "pp_ai.coaching.src.repositories.conversation_repository.UserPreferencesDict" is not valid as a type  [valid-type]
src\repositories\conversation_repository.py:55: note: See https://mypy.readthedocs.io/en/stable/common_issues.html#variables-vs-type-aliases
src\repositories\conversation_repository.py:69: error: Variable "pp_ai.coaching.src.repositories.conversation_repository.LLMConfigDict" is not valid as a type  [valid-type]
src\repositories\conversation_repository.py:69: note: See https://mypy.readthedocs.io/en/stable/common_issues.html#variables-vs-type-aliases
src\repositories\conversation_repository.py:102: error: Variable "pp_ai.coaching.src.repositories.conversation_repository.LLMConfigDict" is not valid as a type  [valid-type]
src\repositories\conversation_repository.py:102: note: See https://mypy.readthedocs.io/en/stable/common_issues.html#variables-vs-type-aliases
src\repositories\conversation_repository.py:103: error: Variable "pp_ai.coaching.src.repositories.conversation_repository.ConversationContextDict" is not valid as a type  [valid-type]
src\repositories\conversation_repository.py:103: note: See https://mypy.readthedocs.io/en/stable/common_issues.html#variables-vs-type-aliases
src\repositories\conversation_repository.py:127: error: Variable "pp_ai.coaching.src.repositories.conversation_repository.BusinessContextDict" is not valid as a type  [valid-type]
src\repositories\conversation_repository.py:127: note: See https://mypy.readthedocs.io/en/stable/common_issues.html#variables-vs-type-aliases
src\repositories\conversation_repository.py:130: error: Variable "pp_ai.coaching.src.repositories.conversation_repository.UserPreferencesDict" is not valid as a type  [valid-type]
src\repositories\conversation_repository.py:130: note: See https://mypy.readthedocs.io/en/stable/common_issues.html#variables-vs-type-aliases
src\api\legacy_dependencies.py:65: error: Returning Any from function declared to return "DynamoDBServiceResource"  [no-any-return]
src\api\main.py:113: error: Argument "default_capacity" to "add_middleware" of "Starlette" has incompatible type "int"; expected <nothing>  [arg-type]
src\api\main.py:113: error: Argument "default_refill_rate" to "add_middleware" of "Starlette" has incompatible type "float"; expected <nothing>  [arg-type]
src\api\main.py:116: error: Missing positional arguments "scope", "receive", "send" in call to "add_middleware" of "Starlette"  [call-arg]
src\api\main.py:116: error: Argument 1 to "add_middleware" of "Starlette" has incompatible type "type[CORSPreflightMiddleware]"; expected "_MiddlewareFactory[[MutableMapping[str, Any], Callable[[], Awaitable[MutableMapping[str, Any]]], Callable[[MutableMapping[str, Any]], Awaitable[None]]]]"  [arg-type]
src\api\main.py:116: note: Following member(s) of "CORSPreflightMiddleware" have conflicts:
src\api\main.py:116: note:     Expected:
src\api\main.py:116: note:         def __call__(self, Callable[[MutableMapping[str, Any], Callable[[], Awaitable[MutableMapping[str, Any]]], Callable[[MutableMapping[str, Any]], Awaitable[None]]], Awaitable[None]], /, scope: MutableMapping[str, Any], receive: Callable[[], Awaitable[MutableMapping[str, Any]]], send: Callable[[MutableMapping[str, Any]], Awaitable[None]]) -> Callable[[MutableMapping[str, Any], Callable[[], Awaitable[MutableMapping[str, Any]]], Callable[[MutableMapping[str, Any]], Awaitable[None]]], Awaitable[None]]
src\api\main.py:116: note:     Got:
src\api\main.py:116: note:         def CORSPreflightMiddleware(self, app: Callable[[MutableMapping[str, Any], Callable[[], Awaitable[MutableMapping[str, Any]]], Callable[[MutableMapping[str, Any]], Awaitable[None]]], Awaitable[None]], dispatch: Callable[[Request, Callable[[Request], Awaitable[Response]]], Awaitable[Response]] | None = ...) -> CORSPreflightMiddleware
src\api\main.py:120: error: Unexpected keyword argument "allow_origin_regex" for "add_middleware" of "Starlette"  [call-arg]
src\api\main.py:120: error: Unexpected keyword argument "allow_credentials" for "add_middleware" of "Starlette"  [call-arg]
src\api\main.py:120: error: Unexpected keyword argument "allow_methods" for "add_middleware" of "Starlette"  [call-arg]
src\api\main.py:120: error: Unexpected keyword argument "allow_headers" for "add_middleware" of "Starlette"  [call-arg]
src\api\main.py:120: error: Unexpected keyword argument "expose_headers" for "add_middleware" of "Starlette"  [call-arg]
src\api\main.py:120: error: Unexpected keyword argument "max_age" for "add_middleware" of "Starlette"  [call-arg]
src\api\main.py:121: error: Argument 1 to "add_middleware" of "Starlette" has incompatible type "type[CORSMiddleware]"; expected "_MiddlewareFactory[[MutableMapping[str, Any], Callable[[], Awaitable[MutableMapping[str, Any]]], Callable[[MutableMapping[str, Any]], Awaitable[None]]]]"  [arg-type]
src\api\main.py:121: note: Following member(s) of "CORSMiddleware" have conflicts:
src\api\main.py:121: note:     Expected:
src\api\main.py:121: note:         def __call__(self, Callable[[MutableMapping[str, Any], Callable[[], Awaitable[MutableMapping[str, Any]]], Callable[[MutableMapping[str, Any]], Awaitable[None]]], Awaitable[None]], /, scope: MutableMapping[str, Any], receive: Callable[[], Awaitable[MutableMapping[str, Any]]], send: Callable[[MutableMapping[str, Any]], Awaitable[None]]) -> Callable[[MutableMapping[str, Any], Callable[[], Awaitable[MutableMapping[str, Any]]], Callable[[MutableMapping[str, Any]], Awaitable[None]]], Awaitable[None]]
src\api\main.py:121: note:     Got:
src\api\main.py:121: note:         def CORSMiddleware(self, app: Callable[[MutableMapping[str, Any], Callable[[], Awaitable[MutableMapping[str, Any]]], Callable[[MutableMapping[str, Any]], Awaitable[None]]], Awaitable[None]], allow_origins: Sequence[str] = ..., allow_methods: Sequence[str] = ..., allow_headers: Sequence[str] = ..., allow_credentials: bool = ..., allow_origin_regex: str | None = ..., expose_headers: Sequence[str] = ..., max_age: int = ...) -> CORSMiddleware
Found 103 errors in 29 files (checked 183 source files)
